::1 - - [18/Aug/2017:13:39:18 -0500] "GET / HTTP/1.1" 200 55526
::1 - - [18/Aug/2017:13:39:18 -0500] "GET /swal2/sweetalert2.css HTTP/1.1" 200 19502
::1 - - [18/Aug/2017:13:39:18 -0500] "GET /swal2/sweetalert2.min.js HTTP/1.1" 200 20293
::1 - - [18/Aug/2017:13:39:18 -0500] "GET /pure/pure-min.css HTTP/1.1" 200 17286
::1 - - [18/Aug/2017:13:39:18 -0500] "GET /functions.js HTTP/1.1" 200 21902
::1 - - [18/Aug/2017:13:39:18 -0500] "GET /jquery-3.1.1.min.js HTTP/1.1" 200 86709
::1 - - [18/Aug/2017:13:39:18 -0500] "GET /favicon.ico HTTP/1.1" 404 209
::1 - - [18/Aug/2017:13:39:18 -0500] "GET /favicon.ico HTTP/1.1" 404 209
::1 - - [18/Aug/2017:13:39:18 -0500] "POST /getStudentCount.php HTTP/1.1" 200 16
::1 - - [18/Aug/2017:13:39:18 -0500] "POST /getStudentCount.php HTTP/1.1" 200 13
::1 - - [18/Aug/2017:13:39:18 -0500] "POST /getStudentCount.php HTTP/1.1" 200 14
::1 - - [18/Aug/2017:13:39:18 -0500] "POST /getStudentCount.php HTTP/1.1" 200 13
::1 - - [18/Aug/2017:13:39:18 -0500] "POST /getStudentCount.php HTTP/1.1" 200 13
::1 - - [18/Aug/2017:13:39:18 -0500] "POST /getStudentCount.php HTTP/1.1" 200 14
::1 - - [18/Aug/2017:13:39:18 -0500] "POST /getStudentCount.php HTTP/1.1" 200 13
::1 - - [18/Aug/2017:13:39:18 -0500] "POST /getStudentCount.php HTTP/1.1" 200 13
::1 - - [18/Aug/2017:13:39:18 -0500] "POST /getStudentCount.php HTTP/1.1" 200 13
::1 - - [18/Aug/2017:13:39:18 -0500] "POST /getStudentCount.php HTTP/1.1" 200 13
::1 - - [18/Aug/2017:13:39:18 -0500] "POST /getStudentCount.php HTTP/1.1" 200 14
::1 - - [18/Aug/2017:13:39:18 -0500] "POST /getStudentCount.php HTTP/1.1" 200 15
::1 - - [18/Aug/2017:13:39:18 -0500] "POST /getStudentCount.php HTTP/1.1" 200 14
::1 - - [18/Aug/2017:13:39:18 -0500] "POST /getStudentCount.php HTTP/1.1" 200 14
::1 - - [18/Aug/2017:13:39:18 -0500] "POST /getStudentCount.php HTTP/1.1" 200 14
::1 - - [18/Aug/2017:13:39:18 -0500] "POST /getStudentCount.php HTTP/1.1" 200 13
::1 - - [18/Aug/2017:13:39:18 -0500] "POST /getStudentCount.php HTTP/1.1" 200 14
::1 - - [18/Aug/2017:13:39:18 -0500] "POST /getStudentCount.php HTTP/1.1" 200 14
::1 - - [18/Aug/2017:13:39:18 -0500] "POST /getStudentCount.php HTTP/1.1" 200 13
::1 - - [18/Aug/2017:13:39:18 -0500] "POST /getStudentCount.php HTTP/1.1" 200 13
::1 - - [18/Aug/2017:13:39:18 -0500] "POST /getStudentCount.php HTTP/1.1" 200 13
::1 - - [18/Aug/2017:13:39:18 -0500] "POST /getStudentCount.php HTTP/1.1" 200 13
::1 - - [18/Aug/2017:13:39:18 -0500] "POST /getStudentCount.php HTTP/1.1" 200 13
::1 - - [18/Aug/2017:13:39:18 -0500] "POST /getStudentCount.php HTTP/1.1" 200 13
::1 - - [18/Aug/2017:13:39:18 -0500] "POST /getStudentCount.php HTTP/1.1" 200 14
::1 - - [18/Aug/2017:13:39:18 -0500] "POST /getStudentCount.php HTTP/1.1" 200 13
::1 - - [18/Aug/2017:13:39:18 -0500] "POST /getStudentCount.php HTTP/1.1" 200 14
::1 - - [18/Aug/2017:13:39:18 -0500] "POST /getStudentCount.php HTTP/1.1" 200 14
::1 - - [18/Aug/2017:13:39:18 -0500] "POST /getStudentCount.php HTTP/1.1" 200 13
::1 - - [18/Aug/2017:13:39:18 -0500] "POST /getStudentCount.php HTTP/1.1" 200 14
::1 - - [18/Aug/2017:13:39:18 -0500] "POST /getStudentCount.php HTTP/1.1" 200 15
::1 - - [18/Aug/2017:13:39:18 -0500] "POST /getStudentCount.php HTTP/1.1" 200 14
::1 - - [18/Aug/2017:13:39:18 -0500] "POST /getStudentCount.php HTTP/1.1" 200 14
::1 - - [18/Aug/2017:13:39:18 -0500] "POST /getStudentCount.php HTTP/1.1" 200 13
::1 - - [18/Aug/2017:13:39:18 -0500] "POST /getStudentCount.php HTTP/1.1" 200 14
::1 - - [18/Aug/2017:13:39:18 -0500] "POST /getStudentCount.php HTTP/1.1" 200 14
::1 - - [18/Aug/2017:13:39:18 -0500] "POST /getStudentCount.php HTTP/1.1" 200 13
::1 - - [18/Aug/2017:13:39:18 -0500] "POST /getStudentCount.php HTTP/1.1" 200 13
::1 - - [18/Aug/2017:13:39:18 -0500] "POST /getStudentCount.php HTTP/1.1" 200 13
::1 - - [18/Aug/2017:13:39:18 -0500] "POST /getStudentCount.php HTTP/1.1" 200 13
::1 - - [18/Aug/2017:13:39:18 -0500] "POST /getStudentCount.php HTTP/1.1" 200 13
::1 - - [18/Aug/2017:13:39:18 -0500] "POST /getStudentCount.php HTTP/1.1" 200 14
::1 - - [18/Aug/2017:13:39:18 -0500] "POST /getStudentCount.php HTTP/1.1" 200 13
::1 - - [18/Aug/2017:13:39:18 -0500] "POST /getStudentCount.php HTTP/1.1" 200 14
::1 - - [18/Aug/2017:13:39:18 -0500] "POST /getStudentCount.php HTTP/1.1" 200 13
::1 - - [18/Aug/2017:13:39:18 -0500] "POST /getStudentCount.php HTTP/1.1" 200 14
::1 - - [18/Aug/2017:13:39:18 -0500] "POST /getStudentCount.php HTTP/1.1" 200 13
::1 - - [18/Aug/2017:13:39:18 -0500] "POST /getStudentCount.php HTTP/1.1" 200 14
::1 - - [18/Aug/2017:13:39:18 -0500] "POST /getStudentCount.php HTTP/1.1" 200 14
::1 - - [18/Aug/2017:13:39:18 -0500] "POST /getStudentCount.php HTTP/1.1" 200 14
::1 - - [18/Aug/2017:13:39:18 -0500] "POST /getStudentCount.php HTTP/1.1" 200 14
::1 - - [18/Aug/2017:13:39:18 -0500] "POST /getStudentCount.php HTTP/1.1" 200 15
::1 - - [18/Aug/2017:13:39:18 -0500] "POST /getStudentCount.php HTTP/1.1" 200 14
::1 - - [18/Aug/2017:13:39:18 -0500] "POST /getStudentCount.php HTTP/1.1" 200 13
::1 - - [18/Aug/2017:13:39:18 -0500] "POST /getStudentCount.php HTTP/1.1" 200 14
::1 - - [18/Aug/2017:13:39:18 -0500] "POST /getStudentCount.php HTTP/1.1" 200 13
::1 - - [18/Aug/2017:13:39:18 -0500] "POST /getStudentCount.php HTTP/1.1" 200 14
::1 - - [18/Aug/2017:13:39:18 -0500] "POST /getStudentCount.php HTTP/1.1" 200 13
::1 - - [18/Aug/2017:13:39:18 -0500] "POST /getStudentCount.php HTTP/1.1" 200 13
::1 - - [18/Aug/2017:13:39:18 -0500] "POST /getStudentCount.php HTTP/1.1" 200 13
::1 - - [18/Aug/2017:13:39:18 -0500] "POST /getStudentCount.php HTTP/1.1" 200 13
::1 - - [18/Aug/2017:13:39:18 -0500] "POST /getStudentCount.php HTTP/1.1" 200 13
::1 - - [18/Aug/2017:13:39:18 -0500] "POST /getStudentCount.php HTTP/1.1" 200 14
::1 - - [18/Aug/2017:13:39:18 -0500] "POST /getStudentCount.php HTTP/1.1" 200 14
::1 - - [18/Aug/2017:13:39:18 -0500] "POST /getStudentCount.php HTTP/1.1" 200 14
::1 - - [18/Aug/2017:13:39:18 -0500] "POST /getStudentCount.php HTTP/1.1" 200 14
::1 - - [18/Aug/2017:13:39:18 -0500] "POST /getStudentCount.php HTTP/1.1" 200 14
::1 - - [18/Aug/2017:13:39:18 -0500] "POST /getStudentCount.php HTTP/1.1" 200 13
::1 - - [18/Aug/2017:13:39:18 -0500] "POST /getStudentCount.php HTTP/1.1" 200 13
::1 - - [18/Aug/2017:13:39:18 -0500] "POST /getStudentCount.php HTTP/1.1" 200 13
::1 - - [18/Aug/2017:13:39:18 -0500] "POST /getStudentCount.php HTTP/1.1" 200 14
::1 - - [18/Aug/2017:13:39:19 -0500] "POST /getStudentCount.php HTTP/1.1" 200 13
::1 - - [18/Aug/2017:13:39:19 -0500] "POST /getStudentCount.php HTTP/1.1" 200 13
::1 - - [18/Aug/2017:13:39:19 -0500] "POST /getStudentCount.php HTTP/1.1" 200 13
::1 - - [18/Aug/2017:13:39:19 -0500] "POST /getStudentCount.php HTTP/1.1" 200 13
::1 - - [18/Aug/2017:13:39:19 -0500] "POST /getStudentCount.php HTTP/1.1" 200 14
::1 - - [18/Aug/2017:13:39:19 -0500] "POST /getStudentCount.php HTTP/1.1" 200 14
::1 - - [18/Aug/2017:13:39:19 -0500] "POST /getStudentCount.php HTTP/1.1" 200 14
