2016-11-18 13:57:58 5100 [Note] Plugin 'FEDERATED' is disabled.
2016-11-18 13:57:58 5100 [Note] InnoDB: The InnoDB memory heap is disabled
2016-11-18 13:57:58 5100 [Note] InnoDB: Mutexes and rw_locks use Windows interlocked functions
2016-11-18 13:57:58 5100 [Note] InnoDB: Compressed tables use zlib 1.2.3
2016-11-18 13:57:58 5100 [Note] InnoDB: Not using CPU crc32 instructions
2016-11-18 13:57:58 5100 [Note] InnoDB: Initializing buffer pool, size = 128.0M
2016-11-18 13:57:58 5100 [Note] InnoDB: Completed initialization of buffer pool
2016-11-18 13:57:58 5100 [Note] InnoDB: Highest supported file format is Barracuda.
2016-11-18 13:57:58 5100 [Note] InnoDB: The log sequence numbers 1626716 and 1626716 in ibdata files do not match the log sequence number 1626816 in the ib_logfiles!
2016-11-18 13:57:58 5100 [Note] InnoDB: Database was not shutdown normally!
2016-11-18 13:57:58 5100 [Note] InnoDB: Starting crash recovery.
2016-11-18 13:57:58 5100 [Note] InnoDB: Reading tablespace information from the .ibd files...
2016-11-18 13:57:58 5100 [Note] InnoDB: Restoring possible half-written data pages 
2016-11-18 13:57:58 5100 [Note] InnoDB: from the doublewrite buffer...
2016-11-18 13:58:00 5100 [Note] InnoDB: 128 rollback segment(s) are active.
2016-11-18 13:58:00 5100 [Note] InnoDB: Waiting for purge to start
2016-11-18 13:58:00 5100 [Note] InnoDB: 5.6.13 started; log sequence number 1626816
2016-11-18 13:58:00 5100 [Note] Server hostname (bind-address): '*'; port: 3307
2016-11-18 13:58:00 5100 [Note] IPv6 is available.
2016-11-18 13:58:00 5100 [Note]   - '::' resolves to '::';
2016-11-18 13:58:00 5100 [Note] Server socket created on IP: '::'.
