2016-10-11 09:45:14 3356 [Note] Plugin 'FEDERATED' is disabled.
2016-10-11 09:45:14 3356 [Note] InnoDB: The InnoDB memory heap is disabled
2016-10-11 09:45:14 3356 [Note] InnoDB: Mutexes and rw_locks use Windows interlocked functions
2016-10-11 09:45:14 3356 [Note] InnoDB: Compressed tables use zlib 1.2.3
2016-10-11 09:45:14 3356 [Note] InnoDB: Not using CPU crc32 instructions
2016-10-11 09:45:14 3356 [Note] InnoDB: Initializing buffer pool, size = 128.0M
2016-10-11 09:45:14 3356 [Note] InnoDB: Completed initialization of buffer pool
2016-10-11 09:45:14 3356 [Note] InnoDB: Highest supported file format is Barracuda.
2016-10-11 09:45:14 3356 [Note] InnoDB: The log sequence numbers 1626676 and 1626676 in ibdata files do not match the log sequence number 1626706 in the ib_logfiles!
2016-10-11 09:45:14 3356 [Note] InnoDB: Database was not shutdown normally!
2016-10-11 09:45:14 3356 [Note] InnoDB: Starting crash recovery.
2016-10-11 09:45:14 3356 [Note] InnoDB: Reading tablespace information from the .ibd files...
2016-10-11 09:45:14 3356 [Note] InnoDB: Restoring possible half-written data pages 
2016-10-11 09:45:14 3356 [Note] InnoDB: from the doublewrite buffer...
2016-10-11 09:45:15 3356 [Note] InnoDB: 128 rollback segment(s) are active.
2016-10-11 09:45:15 3356 [Note] InnoDB: Waiting for purge to start
2016-10-11 09:45:15 3356 [Note] InnoDB: 5.6.13 started; log sequence number 1626706
2016-10-11 09:45:15 3356 [Note] Server hostname (bind-address): '*'; port: 3307
2016-10-11 09:45:15 3356 [Note] IPv6 is not available.
2016-10-11 09:45:15 3356 [Note]   - '0.0.0.0' resolves to '0.0.0.0';
2016-10-11 09:45:15 3356 [ERROR] Failed to create a socket for IPv4 '0.0.0.0': errno: 0.
2016-10-11 09:45:15 3356 [ERROR] Can't create IP socket: No such file or directory
2016-10-11 09:45:15 3356 [ERROR] Aborting

2016-10-11 09:45:15 3356 [Note] Binlog end
2016-10-11 09:45:15 3356 [Note] Shutting down plugin 'partition'
2016-10-11 09:45:15 3356 [Note] Shutting down plugin 'PERFORMANCE_SCHEMA'
2016-10-11 09:45:15 3356 [Note] Shutting down plugin 'INNODB_SYS_DATAFILES'
2016-10-11 09:45:15 3356 [Note] Shutting down plugin 'INNODB_SYS_TABLESPACES'
2016-10-11 09:45:15 3356 [Note] Shutting down plugin 'INNODB_SYS_FOREIGN_COLS'
2016-10-11 09:45:15 3356 [Note] Shutting down plugin 'INNODB_SYS_FOREIGN'
2016-10-11 09:45:15 3356 [Note] Shutting down plugin 'INNODB_SYS_FIELDS'
2016-10-11 09:45:15 3356 [Note] Shutting down plugin 'INNODB_SYS_COLUMNS'
2016-10-11 09:45:15 3356 [Note] Shutting down plugin 'INNODB_SYS_INDEXES'
2016-10-11 09:45:15 3356 [Note] Shutting down plugin 'INNODB_SYS_TABLESTATS'
2016-10-11 09:45:15 3356 [Note] Shutting down plugin 'INNODB_SYS_TABLES'
2016-10-11 09:45:15 3356 [Note] Shutting down plugin 'INNODB_FT_INDEX_TABLE'
2016-10-11 09:45:15 3356 [Note] Shutting down plugin 'INNODB_FT_INDEX_CACHE'
2016-10-11 09:45:15 3356 [Note] Shutting down plugin 'INNODB_FT_CONFIG'
2016-10-11 09:45:15 3356 [Note] Shutting down plugin 'INNODB_FT_BEING_DELETED'
2016-10-11 09:45:15 3356 [Note] Shutting down plugin 'INNODB_FT_DELETED'
2016-10-11 09:45:15 3356 [Note] Shutting down plugin 'INNODB_FT_DEFAULT_STOPWORD'
2016-10-11 09:45:15 3356 [Note] Shutting down plugin 'INNODB_METRICS'
2016-10-11 09:45:15 3356 [Note] Shutting down plugin 'INNODB_BUFFER_POOL_STATS'
2016-10-11 09:45:15 3356 [Note] Shutting down plugin 'INNODB_BUFFER_PAGE_LRU'
2016-10-11 09:45:15 3356 [Note] Shutting down plugin 'INNODB_BUFFER_PAGE'
2016-10-11 09:45:15 3356 [Note] Shutting down plugin 'INNODB_CMP_PER_INDEX_RESET'
2016-10-11 09:45:15 3356 [Note] Shutting down plugin 'INNODB_CMP_PER_INDEX'
2016-10-11 09:45:15 3356 [Note] Shutting down plugin 'INNODB_CMPMEM_RESET'
2016-10-11 09:45:15 3356 [Note] Shutting down plugin 'INNODB_CMPMEM'
2016-10-11 09:45:15 3356 [Note] Shutting down plugin 'INNODB_CMP_RESET'
2016-10-11 09:45:15 3356 [Note] Shutting down plugin 'INNODB_CMP'
2016-10-11 09:45:15 3356 [Note] Shutting down plugin 'INNODB_LOCK_WAITS'
2016-10-11 09:45:15 3356 [Note] Shutting down plugin 'INNODB_LOCKS'
2016-10-11 09:45:15 3356 [Note] Shutting down plugin 'INNODB_TRX'
2016-10-11 09:45:15 3356 [Note] Shutting down plugin 'InnoDB'
2016-10-11 09:45:15 3356 [Note] InnoDB: FTS optimize thread exiting.
2016-10-11 09:45:15 3356 [Note] InnoDB: Starting shutdown...
2016-10-11 09:45:16 3356 [Note] InnoDB: Shutdown completed; log sequence number 1626716
2016-10-11 09:45:16 3356 [Note] Shutting down plugin 'BLACKHOLE'
2016-10-11 09:45:16 3356 [Note] Shutting down plugin 'ARCHIVE'
2016-10-11 09:45:16 3356 [Note] Shutting down plugin 'MRG_MYISAM'
2016-10-11 09:45:16 3356 [Note] Shutting down plugin 'MyISAM'
2016-10-11 09:45:16 3356 [Note] Shutting down plugin 'MEMORY'
2016-10-11 09:45:16 3356 [Note] Shutting down plugin 'CSV'
2016-10-11 09:45:16 3356 [Note] Shutting down plugin 'sha256_password'
2016-10-11 09:45:16 3356 [Note] Shutting down plugin 'mysql_old_password'
2016-10-11 09:45:16 3356 [Note] Shutting down plugin 'mysql_native_password'
2016-10-11 09:45:16 3356 [Note] Shutting down plugin 'binlog'
2016-10-11 09:45:16 3356 [Note] H:\Server/mysql/bin/mysqld_usbwv8.exe: Shutdown complete

2016-10-11 09:46:13 4360 [Note] Plugin 'FEDERATED' is disabled.
2016-10-11 09:46:13 4360 [Note] InnoDB: The InnoDB memory heap is disabled
2016-10-11 09:46:13 4360 [Note] InnoDB: Mutexes and rw_locks use Windows interlocked functions
2016-10-11 09:46:13 4360 [Note] InnoDB: Compressed tables use zlib 1.2.3
2016-10-11 09:46:13 4360 [Note] InnoDB: Not using CPU crc32 instructions
2016-10-11 09:46:13 4360 [Note] InnoDB: Initializing buffer pool, size = 128.0M
2016-10-11 09:46:13 4360 [Note] InnoDB: Completed initialization of buffer pool
2016-10-11 09:46:13 4360 [Note] InnoDB: Highest supported file format is Barracuda.
2016-10-11 09:46:13 4360 [Note] InnoDB: 128 rollback segment(s) are active.
2016-10-11 09:46:13 4360 [Note] InnoDB: Waiting for purge to start
2016-10-11 09:46:13 4360 [Note] InnoDB: 5.6.13 started; log sequence number 1626716
2016-10-11 09:46:13 4360 [Note] Server hostname (bind-address): '*'; port: 3307
2016-10-11 09:46:13 4360 [Note] IPv6 is available.
2016-10-11 09:46:13 4360 [Note]   - '::' resolves to '::';
2016-10-11 09:46:13 4360 [Note] Server socket created on IP: '::'.
