2016-09-27 18:17:05 5116 [Note] Plugin 'FEDERATED' is disabled.
2016-09-27 18:17:05 5116 [Note] InnoDB: The InnoDB memory heap is disabled
2016-09-27 18:17:05 5116 [Note] InnoDB: Mutexes and rw_locks use Windows interlocked functions
2016-09-27 18:17:05 5116 [Note] InnoDB: Compressed tables use zlib 1.2.3
2016-09-27 18:17:05 5116 [Note] InnoDB: Not using CPU crc32 instructions
2016-09-27 18:17:05 5116 [Note] InnoDB: Initializing buffer pool, size = 128.0M
2016-09-27 18:17:05 5116 [Note] InnoDB: Completed initialization of buffer pool
2016-09-27 18:17:06 5116 [Note] InnoDB: Setting log file H:\map\Server\mysql\data\ib_logfile101 size to 5 MB
2016-09-27 18:17:06 5116 [Note] InnoDB: Setting log file H:\map\Server\mysql\data\ib_logfile1 size to 5 MB
2016-09-27 18:17:06 5116 [Note] InnoDB: Renaming log file H:\map\Server\mysql\data\ib_logfile101 to H:\map\Server\mysql\data\ib_logfile0
2016-09-27 18:17:06 5116 [Warning] InnoDB: New log files created, LSN=1626134
2016-09-27 18:17:06 5116 [Note] InnoDB: Highest supported file format is Barracuda.
2016-09-27 18:17:07 5116 [Note] InnoDB: 128 rollback segment(s) are active.
2016-09-27 18:17:07 5116 [Note] InnoDB: Waiting for purge to start
2016-09-27 18:17:07 5116 [Note] InnoDB: 5.6.13 started; log sequence number 1626636
2016-09-27 18:17:07 5116 [Warning] No existing UUID has been found, so we assume that this is the first time that this server has been started. Generating a new UUID: 82648845-8508-11e6-b658-5cf9dde84d65.
2016-09-27 18:17:07 5116 [Note] Server hostname (bind-address): '*'; port: 3307
2016-09-27 18:17:07 5116 [Note] IPv6 is not available.
2016-09-27 18:17:07 5116 [Note]   - '0.0.0.0' resolves to '0.0.0.0';
2016-09-27 18:17:07 5116 [ERROR] Failed to create a socket for IPv4 '0.0.0.0': errno: 0.
2016-09-27 18:17:07 5116 [ERROR] Can't create IP socket: No such file or directory
2016-09-27 18:17:07 5116 [ERROR] Aborting

2016-09-27 18:17:07 5116 [Note] Binlog end
2016-09-27 18:17:07 5116 [Note] Shutting down plugin 'partition'
2016-09-27 18:17:07 5116 [Note] Shutting down plugin 'PERFORMANCE_SCHEMA'
2016-09-27 18:17:07 5116 [Note] Shutting down plugin 'INNODB_SYS_DATAFILES'
2016-09-27 18:17:07 5116 [Note] Shutting down plugin 'INNODB_SYS_TABLESPACES'
2016-09-27 18:17:07 5116 [Note] Shutting down plugin 'INNODB_SYS_FOREIGN_COLS'
2016-09-27 18:17:07 5116 [Note] Shutting down plugin 'INNODB_SYS_FOREIGN'
2016-09-27 18:17:07 5116 [Note] Shutting down plugin 'INNODB_SYS_FIELDS'
2016-09-27 18:17:07 5116 [Note] Shutting down plugin 'INNODB_SYS_COLUMNS'
2016-09-27 18:17:07 5116 [Note] Shutting down plugin 'INNODB_SYS_INDEXES'
2016-09-27 18:17:07 5116 [Note] Shutting down plugin 'INNODB_SYS_TABLESTATS'
2016-09-27 18:17:07 5116 [Note] Shutting down plugin 'INNODB_SYS_TABLES'
2016-09-27 18:17:07 5116 [Note] Shutting down plugin 'INNODB_FT_INDEX_TABLE'
2016-09-27 18:17:07 5116 [Note] Shutting down plugin 'INNODB_FT_INDEX_CACHE'
2016-09-27 18:17:07 5116 [Note] Shutting down plugin 'INNODB_FT_CONFIG'
2016-09-27 18:17:07 5116 [Note] Shutting down plugin 'INNODB_FT_BEING_DELETED'
2016-09-27 18:17:07 5116 [Note] Shutting down plugin 'INNODB_FT_DELETED'
2016-09-27 18:17:07 5116 [Note] Shutting down plugin 'INNODB_FT_DEFAULT_STOPWORD'
2016-09-27 18:17:07 5116 [Note] Shutting down plugin 'INNODB_METRICS'
2016-09-27 18:17:07 5116 [Note] Shutting down plugin 'INNODB_BUFFER_POOL_STATS'
2016-09-27 18:17:07 5116 [Note] Shutting down plugin 'INNODB_BUFFER_PAGE_LRU'
2016-09-27 18:17:07 5116 [Note] Shutting down plugin 'INNODB_BUFFER_PAGE'
2016-09-27 18:17:07 5116 [Note] Shutting down plugin 'INNODB_CMP_PER_INDEX_RESET'
2016-09-27 18:17:07 5116 [Note] Shutting down plugin 'INNODB_CMP_PER_INDEX'
2016-09-27 18:17:07 5116 [Note] Shutting down plugin 'INNODB_CMPMEM_RESET'
2016-09-27 18:17:07 5116 [Note] Shutting down plugin 'INNODB_CMPMEM'
2016-09-27 18:17:07 5116 [Note] Shutting down plugin 'INNODB_CMP_RESET'
2016-09-27 18:17:07 5116 [Note] Shutting down plugin 'INNODB_CMP'
2016-09-27 18:17:07 5116 [Note] Shutting down plugin 'INNODB_LOCK_WAITS'
2016-09-27 18:17:07 5116 [Note] Shutting down plugin 'INNODB_LOCKS'
2016-09-27 18:17:07 5116 [Note] Shutting down plugin 'INNODB_TRX'
2016-09-27 18:17:07 5116 [Note] Shutting down plugin 'InnoDB'
2016-09-27 18:17:07 5116 [Note] InnoDB: FTS optimize thread exiting.
2016-09-27 18:17:07 5116 [Note] InnoDB: Starting shutdown...
2016-09-27 18:17:08 5116 [Note] InnoDB: Shutdown completed; log sequence number 1626646
2016-09-27 18:17:08 5116 [Note] Shutting down plugin 'BLACKHOLE'
2016-09-27 18:17:08 5116 [Note] Shutting down plugin 'ARCHIVE'
2016-09-27 18:17:08 5116 [Note] Shutting down plugin 'MRG_MYISAM'
2016-09-27 18:17:08 5116 [Note] Shutting down plugin 'MyISAM'
2016-09-27 18:17:08 5116 [Note] Shutting down plugin 'MEMORY'
2016-09-27 18:17:08 5116 [Note] Shutting down plugin 'CSV'
2016-09-27 18:17:08 5116 [Note] Shutting down plugin 'sha256_password'
2016-09-27 18:17:08 5116 [Note] Shutting down plugin 'mysql_old_password'
2016-09-27 18:17:08 5116 [Note] Shutting down plugin 'mysql_native_password'
2016-09-27 18:17:08 5116 [Note] Shutting down plugin 'binlog'
2016-09-27 18:17:08 5116 [Note] H:\map\Server/mysql/bin/mysqld_usbwv8.exe: Shutdown complete

2016-09-27 18:17:33 3804 [Note] Plugin 'FEDERATED' is disabled.
2016-09-27 18:17:33 3804 [Note] InnoDB: The InnoDB memory heap is disabled
2016-09-27 18:17:33 3804 [Note] InnoDB: Mutexes and rw_locks use Windows interlocked functions
2016-09-27 18:17:33 3804 [Note] InnoDB: Compressed tables use zlib 1.2.3
2016-09-27 18:17:33 3804 [Note] InnoDB: Not using CPU crc32 instructions
2016-09-27 18:17:33 3804 [Note] InnoDB: Initializing buffer pool, size = 128.0M
2016-09-27 18:17:33 3804 [Note] InnoDB: Completed initialization of buffer pool
2016-09-27 18:17:33 3804 [Note] InnoDB: Highest supported file format is Barracuda.
2016-09-27 18:17:33 3804 [Note] InnoDB: 128 rollback segment(s) are active.
2016-09-27 18:17:33 3804 [Note] InnoDB: Waiting for purge to start
2016-09-27 18:17:33 3804 [Note] InnoDB: 5.6.13 started; log sequence number 1626646
2016-09-27 18:17:33 3804 [Note] Server hostname (bind-address): '*'; port: 3307
2016-09-27 18:17:33 3804 [Note] IPv6 is not available.
2016-09-27 18:17:33 3804 [Note]   - '0.0.0.0' resolves to '0.0.0.0';
2016-09-27 18:17:33 3804 [ERROR] Failed to create a socket for IPv4 '0.0.0.0': errno: 0.
2016-09-27 18:17:33 3804 [ERROR] Can't create IP socket: No such file or directory
2016-09-27 18:17:33 3804 [ERROR] Aborting

2016-09-27 18:17:33 3804 [Note] Binlog end
2016-09-27 18:17:33 3804 [Note] Shutting down plugin 'partition'
2016-09-27 18:17:33 3804 [Note] Shutting down plugin 'PERFORMANCE_SCHEMA'
2016-09-27 18:17:33 3804 [Note] Shutting down plugin 'INNODB_SYS_DATAFILES'
2016-09-27 18:17:33 3804 [Note] Shutting down plugin 'INNODB_SYS_TABLESPACES'
2016-09-27 18:17:33 3804 [Note] Shutting down plugin 'INNODB_SYS_FOREIGN_COLS'
2016-09-27 18:17:33 3804 [Note] Shutting down plugin 'INNODB_SYS_FOREIGN'
2016-09-27 18:17:33 3804 [Note] Shutting down plugin 'INNODB_SYS_FIELDS'
2016-09-27 18:17:33 3804 [Note] Shutting down plugin 'INNODB_SYS_COLUMNS'
2016-09-27 18:17:33 3804 [Note] Shutting down plugin 'INNODB_SYS_INDEXES'
2016-09-27 18:17:33 3804 [Note] Shutting down plugin 'INNODB_SYS_TABLESTATS'
2016-09-27 18:17:33 3804 [Note] Shutting down plugin 'INNODB_SYS_TABLES'
2016-09-27 18:17:33 3804 [Note] Shutting down plugin 'INNODB_FT_INDEX_TABLE'
2016-09-27 18:17:33 3804 [Note] Shutting down plugin 'INNODB_FT_INDEX_CACHE'
2016-09-27 18:17:33 3804 [Note] Shutting down plugin 'INNODB_FT_CONFIG'
2016-09-27 18:17:33 3804 [Note] Shutting down plugin 'INNODB_FT_BEING_DELETED'
2016-09-27 18:17:33 3804 [Note] Shutting down plugin 'INNODB_FT_DELETED'
2016-09-27 18:17:33 3804 [Note] Shutting down plugin 'INNODB_FT_DEFAULT_STOPWORD'
2016-09-27 18:17:33 3804 [Note] Shutting down plugin 'INNODB_METRICS'
2016-09-27 18:17:33 3804 [Note] Shutting down plugin 'INNODB_BUFFER_POOL_STATS'
2016-09-27 18:17:33 3804 [Note] Shutting down plugin 'INNODB_BUFFER_PAGE_LRU'
2016-09-27 18:17:33 3804 [Note] Shutting down plugin 'INNODB_BUFFER_PAGE'
2016-09-27 18:17:33 3804 [Note] Shutting down plugin 'INNODB_CMP_PER_INDEX_RESET'
2016-09-27 18:17:33 3804 [Note] Shutting down plugin 'INNODB_CMP_PER_INDEX'
2016-09-27 18:17:33 3804 [Note] Shutting down plugin 'INNODB_CMPMEM_RESET'
2016-09-27 18:17:33 3804 [Note] Shutting down plugin 'INNODB_CMPMEM'
2016-09-27 18:17:33 3804 [Note] Shutting down plugin 'INNODB_CMP_RESET'
2016-09-27 18:17:33 3804 [Note] Shutting down plugin 'INNODB_CMP'
2016-09-27 18:17:33 3804 [Note] Shutting down plugin 'INNODB_LOCK_WAITS'
2016-09-27 18:17:33 3804 [Note] Shutting down plugin 'INNODB_LOCKS'
2016-09-27 18:17:33 3804 [Note] Shutting down plugin 'INNODB_TRX'
2016-09-27 18:17:33 3804 [Note] Shutting down plugin 'InnoDB'
2016-09-27 18:17:33 3804 [Note] InnoDB: FTS optimize thread exiting.
2016-09-27 18:17:33 3804 [Note] InnoDB: Starting shutdown...
2016-09-27 18:17:34 3804 [Note] InnoDB: Shutdown completed; log sequence number 1626656
2016-09-27 18:17:34 3804 [Note] Shutting down plugin 'BLACKHOLE'
2016-09-27 18:17:34 3804 [Note] Shutting down plugin 'ARCHIVE'
2016-09-27 18:17:34 3804 [Note] Shutting down plugin 'MRG_MYISAM'
2016-09-27 18:17:34 3804 [Note] Shutting down plugin 'MyISAM'
2016-09-27 18:17:34 3804 [Note] Shutting down plugin 'MEMORY'
2016-09-27 18:17:34 3804 [Note] Shutting down plugin 'CSV'
2016-09-27 18:17:34 3804 [Note] Shutting down plugin 'sha256_password'
2016-09-27 18:17:34 3804 [Note] Shutting down plugin 'mysql_old_password'
2016-09-27 18:17:34 3804 [Note] Shutting down plugin 'mysql_native_password'
2016-09-27 18:17:34 3804 [Note] Shutting down plugin 'binlog'
2016-09-27 18:17:34 3804 [Note] H:\map\Server/mysql/bin/mysqld_usbwv8.exe: Shutdown complete

2016-09-27 18:19:02 2932 [Note] Plugin 'FEDERATED' is disabled.
2016-09-27 18:19:02 2932 [Note] InnoDB: The InnoDB memory heap is disabled
2016-09-27 18:19:02 2932 [Note] InnoDB: Mutexes and rw_locks use Windows interlocked functions
2016-09-27 18:19:02 2932 [Note] InnoDB: Compressed tables use zlib 1.2.3
2016-09-27 18:19:02 2932 [Note] InnoDB: Not using CPU crc32 instructions
2016-09-27 18:19:02 2932 [Note] InnoDB: Initializing buffer pool, size = 128.0M
2016-09-27 18:19:02 2932 [Note] InnoDB: Completed initialization of buffer pool
2016-09-27 18:19:02 2932 [Note] InnoDB: Highest supported file format is Barracuda.
2016-09-27 18:19:03 2932 [Note] InnoDB: 128 rollback segment(s) are active.
2016-09-27 18:19:03 2932 [Note] InnoDB: Waiting for purge to start
2016-09-27 18:19:03 2932 [Note] InnoDB: 5.6.13 started; log sequence number 1626656
2016-09-27 18:19:03 2932 [Note] Server hostname (bind-address): '*'; port: 3307
2016-09-27 18:19:03 2932 [Note] IPv6 is not available.
2016-09-27 18:19:03 2932 [Note]   - '0.0.0.0' resolves to '0.0.0.0';
2016-09-27 18:19:03 2932 [ERROR] Failed to create a socket for IPv4 '0.0.0.0': errno: 0.
2016-09-27 18:19:03 2932 [ERROR] Can't create IP socket: No such file or directory
2016-09-27 18:19:03 2932 [ERROR] Aborting

2016-09-27 18:19:03 2932 [Note] Binlog end
2016-09-27 18:19:03 2932 [Note] Shutting down plugin 'partition'
2016-09-27 18:19:03 2932 [Note] Shutting down plugin 'PERFORMANCE_SCHEMA'
2016-09-27 18:19:03 2932 [Note] Shutting down plugin 'INNODB_SYS_DATAFILES'
2016-09-27 18:19:03 2932 [Note] Shutting down plugin 'INNODB_SYS_TABLESPACES'
2016-09-27 18:19:03 2932 [Note] Shutting down plugin 'INNODB_SYS_FOREIGN_COLS'
2016-09-27 18:19:03 2932 [Note] Shutting down plugin 'INNODB_SYS_FOREIGN'
2016-09-27 18:19:03 2932 [Note] Shutting down plugin 'INNODB_SYS_FIELDS'
2016-09-27 18:19:03 2932 [Note] Shutting down plugin 'INNODB_SYS_COLUMNS'
2016-09-27 18:19:03 2932 [Note] Shutting down plugin 'INNODB_SYS_INDEXES'
2016-09-27 18:19:03 2932 [Note] Shutting down plugin 'INNODB_SYS_TABLESTATS'
2016-09-27 18:19:03 2932 [Note] Shutting down plugin 'INNODB_SYS_TABLES'
2016-09-27 18:19:03 2932 [Note] Shutting down plugin 'INNODB_FT_INDEX_TABLE'
2016-09-27 18:19:03 2932 [Note] Shutting down plugin 'INNODB_FT_INDEX_CACHE'
2016-09-27 18:19:03 2932 [Note] Shutting down plugin 'INNODB_FT_CONFIG'
2016-09-27 18:19:03 2932 [Note] Shutting down plugin 'INNODB_FT_BEING_DELETED'
2016-09-27 18:19:03 2932 [Note] Shutting down plugin 'INNODB_FT_DELETED'
2016-09-27 18:19:03 2932 [Note] Shutting down plugin 'INNODB_FT_DEFAULT_STOPWORD'
2016-09-27 18:19:03 2932 [Note] Shutting down plugin 'INNODB_METRICS'
2016-09-27 18:19:03 2932 [Note] Shutting down plugin 'INNODB_BUFFER_POOL_STATS'
2016-09-27 18:19:03 2932 [Note] Shutting down plugin 'INNODB_BUFFER_PAGE_LRU'
2016-09-27 18:19:03 2932 [Note] Shutting down plugin 'INNODB_BUFFER_PAGE'
2016-09-27 18:19:03 2932 [Note] Shutting down plugin 'INNODB_CMP_PER_INDEX_RESET'
2016-09-27 18:19:03 2932 [Note] Shutting down plugin 'INNODB_CMP_PER_INDEX'
2016-09-27 18:19:03 2932 [Note] Shutting down plugin 'INNODB_CMPMEM_RESET'
2016-09-27 18:19:03 2932 [Note] Shutting down plugin 'INNODB_CMPMEM'
2016-09-27 18:19:03 2932 [Note] Shutting down plugin 'INNODB_CMP_RESET'
2016-09-27 18:19:03 2932 [Note] Shutting down plugin 'INNODB_CMP'
2016-09-27 18:19:03 2932 [Note] Shutting down plugin 'INNODB_LOCK_WAITS'
2016-09-27 18:19:03 2932 [Note] Shutting down plugin 'INNODB_LOCKS'
2016-09-27 18:19:03 2932 [Note] Shutting down plugin 'INNODB_TRX'
2016-09-27 18:19:03 2932 [Note] Shutting down plugin 'InnoDB'
2016-09-27 18:19:03 2932 [Note] InnoDB: FTS optimize thread exiting.
2016-09-27 18:19:03 2932 [Note] InnoDB: Starting shutdown...
2016-09-27 18:19:04 2932 [Note] InnoDB: Shutdown completed; log sequence number 1626666
2016-09-27 18:19:04 2932 [Note] Shutting down plugin 'BLACKHOLE'
2016-09-27 18:19:04 2932 [Note] Shutting down plugin 'ARCHIVE'
2016-09-27 18:19:04 2932 [Note] Shutting down plugin 'MRG_MYISAM'
2016-09-27 18:19:04 2932 [Note] Shutting down plugin 'MyISAM'
2016-09-27 18:19:04 2932 [Note] Shutting down plugin 'MEMORY'
2016-09-27 18:19:04 2932 [Note] Shutting down plugin 'CSV'
2016-09-27 18:19:04 2932 [Note] Shutting down plugin 'sha256_password'
2016-09-27 18:19:04 2932 [Note] Shutting down plugin 'mysql_old_password'
2016-09-27 18:19:04 2932 [Note] Shutting down plugin 'mysql_native_password'
2016-09-27 18:19:04 2932 [Note] Shutting down plugin 'binlog'
2016-09-27 18:19:04 2932 [Note] H:\map\Server/mysql/bin/mysqld_usbwv8.exe: Shutdown complete

2016-09-27 18:19:13 7880 [Note] Plugin 'FEDERATED' is disabled.
2016-09-27 18:19:13 7880 [Note] InnoDB: The InnoDB memory heap is disabled
2016-09-27 18:19:13 7880 [Note] InnoDB: Mutexes and rw_locks use Windows interlocked functions
2016-09-27 18:19:13 7880 [Note] InnoDB: Compressed tables use zlib 1.2.3
2016-09-27 18:19:13 7880 [Note] InnoDB: Not using CPU crc32 instructions
2016-09-27 18:19:13 7880 [Note] InnoDB: Initializing buffer pool, size = 128.0M
2016-09-27 18:19:13 7880 [Note] InnoDB: Completed initialization of buffer pool
2016-09-27 18:19:13 7880 [Note] InnoDB: Highest supported file format is Barracuda.
2016-09-27 18:19:14 7880 [Note] InnoDB: 128 rollback segment(s) are active.
2016-09-27 18:19:14 7880 [Note] InnoDB: Waiting for purge to start
2016-09-27 18:19:14 7880 [Note] InnoDB: 5.6.13 started; log sequence number 1626666
2016-09-27 18:19:14 7880 [Note] Server hostname (bind-address): '*'; port: 3307
2016-09-27 18:19:14 7880 [Note] IPv6 is not available.
2016-09-27 18:19:14 7880 [Note]   - '0.0.0.0' resolves to '0.0.0.0';
2016-09-27 18:19:14 7880 [ERROR] Failed to create a socket for IPv4 '0.0.0.0': errno: 0.
2016-09-27 18:19:14 7880 [ERROR] Can't create IP socket: No such file or directory
2016-09-27 18:19:14 7880 [ERROR] Aborting

2016-09-27 18:19:14 7880 [Note] Binlog end
2016-09-27 18:19:14 7880 [Note] Shutting down plugin 'partition'
2016-09-27 18:19:14 7880 [Note] Shutting down plugin 'PERFORMANCE_SCHEMA'
2016-09-27 18:19:14 7880 [Note] Shutting down plugin 'INNODB_SYS_DATAFILES'
2016-09-27 18:19:14 7880 [Note] Shutting down plugin 'INNODB_SYS_TABLESPACES'
2016-09-27 18:19:14 7880 [Note] Shutting down plugin 'INNODB_SYS_FOREIGN_COLS'
2016-09-27 18:19:14 7880 [Note] Shutting down plugin 'INNODB_SYS_FOREIGN'
2016-09-27 18:19:14 7880 [Note] Shutting down plugin 'INNODB_SYS_FIELDS'
2016-09-27 18:19:14 7880 [Note] Shutting down plugin 'INNODB_SYS_COLUMNS'
2016-09-27 18:19:14 7880 [Note] Shutting down plugin 'INNODB_SYS_INDEXES'
2016-09-27 18:19:14 7880 [Note] Shutting down plugin 'INNODB_SYS_TABLESTATS'
2016-09-27 18:19:14 7880 [Note] Shutting down plugin 'INNODB_SYS_TABLES'
2016-09-27 18:19:14 7880 [Note] Shutting down plugin 'INNODB_FT_INDEX_TABLE'
2016-09-27 18:19:14 7880 [Note] Shutting down plugin 'INNODB_FT_INDEX_CACHE'
2016-09-27 18:19:14 7880 [Note] Shutting down plugin 'INNODB_FT_CONFIG'
2016-09-27 18:19:14 7880 [Note] Shutting down plugin 'INNODB_FT_BEING_DELETED'
2016-09-27 18:19:14 7880 [Note] Shutting down plugin 'INNODB_FT_DELETED'
2016-09-27 18:19:14 7880 [Note] Shutting down plugin 'INNODB_FT_DEFAULT_STOPWORD'
2016-09-27 18:19:14 7880 [Note] Shutting down plugin 'INNODB_METRICS'
2016-09-27 18:19:14 7880 [Note] Shutting down plugin 'INNODB_BUFFER_POOL_STATS'
2016-09-27 18:19:14 7880 [Note] Shutting down plugin 'INNODB_BUFFER_PAGE_LRU'
2016-09-27 18:19:14 7880 [Note] Shutting down plugin 'INNODB_BUFFER_PAGE'
2016-09-27 18:19:14 7880 [Note] Shutting down plugin 'INNODB_CMP_PER_INDEX_RESET'
2016-09-27 18:19:14 7880 [Note] Shutting down plugin 'INNODB_CMP_PER_INDEX'
2016-09-27 18:19:14 7880 [Note] Shutting down plugin 'INNODB_CMPMEM_RESET'
2016-09-27 18:19:14 7880 [Note] Shutting down plugin 'INNODB_CMPMEM'
2016-09-27 18:19:14 7880 [Note] Shutting down plugin 'INNODB_CMP_RESET'
2016-09-27 18:19:14 7880 [Note] Shutting down plugin 'INNODB_CMP'
2016-09-27 18:19:14 7880 [Note] Shutting down plugin 'INNODB_LOCK_WAITS'
2016-09-27 18:19:14 7880 [Note] Shutting down plugin 'INNODB_LOCKS'
2016-09-27 18:19:14 7880 [Note] Shutting down plugin 'INNODB_TRX'
2016-09-27 18:19:14 7880 [Note] Shutting down plugin 'InnoDB'
2016-09-27 18:19:14 7880 [Note] InnoDB: FTS optimize thread exiting.
2016-09-27 18:19:14 7880 [Note] InnoDB: Starting shutdown...
2016-09-27 18:19:15 7880 [Note] InnoDB: Shutdown completed; log sequence number 1626676
2016-09-27 18:19:15 7880 [Note] Shutting down plugin 'BLACKHOLE'
2016-09-27 18:19:15 7880 [Note] Shutting down plugin 'ARCHIVE'
2016-09-27 18:19:15 7880 [Note] Shutting down plugin 'MRG_MYISAM'
2016-09-27 18:19:15 7880 [Note] Shutting down plugin 'MyISAM'
2016-09-27 18:19:15 7880 [Note] Shutting down plugin 'MEMORY'
2016-09-27 18:19:15 7880 [Note] Shutting down plugin 'CSV'
2016-09-27 18:19:15 7880 [Note] Shutting down plugin 'sha256_password'
2016-09-27 18:19:15 7880 [Note] Shutting down plugin 'mysql_old_password'
2016-09-27 18:19:15 7880 [Note] Shutting down plugin 'mysql_native_password'
2016-09-27 18:19:15 7880 [Note] Shutting down plugin 'binlog'
2016-09-27 18:19:15 7880 [Note] H:\map\Server/mysql/bin/mysqld_usbwv8.exe: Shutdown complete

2016-09-27 18:19:57 7816 [Note] Plugin 'FEDERATED' is disabled.
2016-09-27 18:19:57 7816 [Note] InnoDB: The InnoDB memory heap is disabled
2016-09-27 18:19:57 7816 [Note] InnoDB: Mutexes and rw_locks use Windows interlocked functions
2016-09-27 18:19:57 7816 [Note] InnoDB: Compressed tables use zlib 1.2.3
2016-09-27 18:19:57 7816 [Note] InnoDB: Not using CPU crc32 instructions
2016-09-27 18:19:57 7816 [Note] InnoDB: Initializing buffer pool, size = 128.0M
2016-09-27 18:19:57 7816 [Note] InnoDB: Completed initialization of buffer pool
2016-09-27 18:19:57 7816 [Note] InnoDB: Highest supported file format is Barracuda.
2016-09-27 18:19:58 7816 [Note] InnoDB: 128 rollback segment(s) are active.
2016-09-27 18:19:58 7816 [Note] InnoDB: Waiting for purge to start
2016-09-27 18:19:58 7816 [Note] InnoDB: 5.6.13 started; log sequence number 1626676
2016-09-27 18:19:58 7816 [Note] Server hostname (bind-address): '*'; port: 3307
2016-09-27 18:19:58 7816 [Note] IPv6 is available.
2016-09-27 18:19:58 7816 [Note]   - '::' resolves to '::';
2016-09-27 18:19:58 7816 [Note] Server socket created on IP: '::'.
2016-09-27 18:20:22 4564 [Note] Plugin 'FEDERATED' is disabled.
2016-09-27 18:20:22 4564 [Note] InnoDB: The InnoDB memory heap is disabled
2016-09-27 18:20:22 4564 [Note] InnoDB: Mutexes and rw_locks use Windows interlocked functions
2016-09-27 18:20:22 4564 [Note] InnoDB: Compressed tables use zlib 1.2.3
2016-09-27 18:20:22 4564 [Note] InnoDB: Not using CPU crc32 instructions
2016-09-27 18:20:22 4564 [Note] InnoDB: Initializing buffer pool, size = 128.0M
2016-09-27 18:20:22 4564 [Note] InnoDB: Completed initialization of buffer pool
2016-09-27 18:20:22 4564 [Note] InnoDB: Highest supported file format is Barracuda.
2016-09-27 18:20:22 4564 [Note] InnoDB: The log sequence numbers 1626676 and 1626676 in ibdata files do not match the log sequence number 1626686 in the ib_logfiles!
2016-09-27 18:20:22 4564 [Note] InnoDB: Database was not shutdown normally!
2016-09-27 18:20:22 4564 [Note] InnoDB: Starting crash recovery.
2016-09-27 18:20:22 4564 [Note] InnoDB: Reading tablespace information from the .ibd files...
2016-09-27 18:20:22 4564 [Note] InnoDB: Restoring possible half-written data pages 
2016-09-27 18:20:22 4564 [Note] InnoDB: from the doublewrite buffer...
2016-09-27 18:20:22 4564 [Note] InnoDB: 128 rollback segment(s) are active.
2016-09-27 18:20:22 4564 [Note] InnoDB: Waiting for purge to start
2016-09-27 18:20:23 4564 [Note] InnoDB: 5.6.13 started; log sequence number 1626686
2016-09-27 18:20:23 4564 [Note] Server hostname (bind-address): '*'; port: 3307
2016-09-27 18:20:23 4564 [Note] IPv6 is available.
2016-09-27 18:20:23 4564 [Note]   - '::' resolves to '::';
2016-09-27 18:20:23 4564 [Note] Server socket created on IP: '::'.
2016-09-27 18:20:34 96 [Note] Plugin 'FEDERATED' is disabled.
2016-09-27 18:20:34 96 [Note] InnoDB: The InnoDB memory heap is disabled
2016-09-27 18:20:34 96 [Note] InnoDB: Mutexes and rw_locks use Windows interlocked functions
2016-09-27 18:20:34 96 [Note] InnoDB: Compressed tables use zlib 1.2.3
2016-09-27 18:20:34 96 [Note] InnoDB: Not using CPU crc32 instructions
2016-09-27 18:20:34 96 [Note] InnoDB: Initializing buffer pool, size = 128.0M
2016-09-27 18:20:34 96 [Note] InnoDB: Completed initialization of buffer pool
2016-09-27 18:20:34 96 [Note] InnoDB: Highest supported file format is Barracuda.
2016-09-27 18:20:34 96 [Note] InnoDB: The log sequence numbers 1626676 and 1626676 in ibdata files do not match the log sequence number 1626696 in the ib_logfiles!
2016-09-27 18:20:34 96 [Note] InnoDB: Database was not shutdown normally!
2016-09-27 18:20:34 96 [Note] InnoDB: Starting crash recovery.
2016-09-27 18:20:34 96 [Note] InnoDB: Reading tablespace information from the .ibd files...
2016-09-27 18:20:34 96 [Note] InnoDB: Restoring possible half-written data pages 
2016-09-27 18:20:34 96 [Note] InnoDB: from the doublewrite buffer...
2016-09-27 18:20:35 96 [Note] InnoDB: 128 rollback segment(s) are active.
2016-09-27 18:20:35 96 [Note] InnoDB: Waiting for purge to start
2016-09-27 18:20:35 96 [Note] InnoDB: 5.6.13 started; log sequence number 1626696
2016-09-27 18:20:35 96 [Note] Server hostname (bind-address): '*'; port: 3307
2016-09-27 18:20:35 96 [Note] IPv6 is available.
2016-09-27 18:20:35 96 [Note]   - '::' resolves to '::';
2016-09-27 18:20:35 96 [Note] Server socket created on IP: '::'.
