2016-11-29 10:48:43 6048 [Note] Plugin 'FEDERATED' is disabled.
2016-11-29 10:48:43 6048 [Note] InnoDB: The InnoDB memory heap is disabled
2016-11-29 10:48:43 6048 [Note] InnoDB: Mutexes and rw_locks use Windows interlocked functions
2016-11-29 10:48:43 6048 [Note] InnoDB: Compressed tables use zlib 1.2.3
2016-11-29 10:48:43 6048 [Note] InnoDB: Not using CPU crc32 instructions
2016-11-29 10:48:43 6048 [Note] InnoDB: Initializing buffer pool, size = 128.0M
2016-11-29 10:48:43 6048 [Note] InnoDB: Completed initialization of buffer pool
2016-11-29 10:48:43 6048 [Note] InnoDB: Highest supported file format is Barracuda.
2016-11-29 10:48:43 6048 [Note] InnoDB: The log sequence numbers 1626716 and 1626716 in ibdata files do not match the log sequence number 1626836 in the ib_logfiles!
2016-11-29 10:48:43 6048 [Note] InnoDB: Database was not shutdown normally!
2016-11-29 10:48:43 6048 [Note] InnoDB: Starting crash recovery.
2016-11-29 10:48:43 6048 [Note] InnoDB: Reading tablespace information from the .ibd files...
2016-11-29 10:48:43 6048 [Note] InnoDB: Restoring possible half-written data pages 
2016-11-29 10:48:43 6048 [Note] InnoDB: from the doublewrite buffer...
2016-11-29 10:48:46 6048 [Note] InnoDB: 128 rollback segment(s) are active.
2016-11-29 10:48:46 6048 [Note] InnoDB: Waiting for purge to start
2016-11-29 10:48:46 6048 [Note] InnoDB: 5.6.13 started; log sequence number 1626836
2016-11-29 10:48:46 6048 [Note] Server hostname (bind-address): '*'; port: 3307
2016-11-29 10:48:46 6048 [Note] IPv6 is available.
2016-11-29 10:48:46 6048 [Note]   - '::' resolves to '::';
2016-11-29 10:48:46 6048 [Note] Server socket created on IP: '::'.
2016-11-29 10:48:47 6048 [Note] Event Scheduler: Loaded 0 events
2016-11-29 10:48:47 6048 [Note] E:\NewServer/mysql/bin/mysqld_usbwv8.exe: ready for connections.
Version: '5.6.13'  socket: ''  port: 3307  MySQL Community Server (GPL)
2017-01-09 12:33:38 6736 [Note] Plugin 'FEDERATED' is disabled.
2017-01-09 12:33:38 6736 [Note] InnoDB: The InnoDB memory heap is disabled
2017-01-09 12:33:38 6736 [Note] InnoDB: Mutexes and rw_locks use Windows interlocked functions
2017-01-09 12:33:38 6736 [Note] InnoDB: Compressed tables use zlib 1.2.3
2017-01-09 12:33:38 6736 [Note] InnoDB: Not using CPU crc32 instructions
2017-01-09 12:33:38 6736 [Note] InnoDB: Initializing buffer pool, size = 128.0M
2017-01-09 12:33:38 6736 [Note] InnoDB: Completed initialization of buffer pool
2017-01-09 12:33:38 6736 [Note] InnoDB: Highest supported file format is Barracuda.
2017-01-09 12:33:38 6736 [Note] InnoDB: The log sequence numbers 1626716 and 1626716 in ibdata files do not match the log sequence number 1626976 in the ib_logfiles!
2017-01-09 12:33:38 6736 [Note] InnoDB: Database was not shutdown normally!
2017-01-09 12:33:38 6736 [Note] InnoDB: Starting crash recovery.
2017-01-09 12:33:38 6736 [Note] InnoDB: Reading tablespace information from the .ibd files...
2017-01-09 12:33:38 6736 [Note] InnoDB: Restoring possible half-written data pages 
2017-01-09 12:33:38 6736 [Note] InnoDB: from the doublewrite buffer...
2017-01-09 12:33:38 6736 [Note] InnoDB: 128 rollback segment(s) are active.
2017-01-09 12:33:38 6736 [Note] InnoDB: Waiting for purge to start
2017-01-09 12:33:38 6736 [Note] InnoDB: 5.6.13 started; log sequence number 1626976
2017-01-09 12:33:38 6736 [Note] Server hostname (bind-address): '*'; port: 3307
2017-01-09 12:33:38 6736 [Note] IPv6 is available.
2017-01-09 12:33:38 6736 [Note]   - '::' resolves to '::';
2017-01-09 12:33:38 6736 [Note] Server socket created on IP: '::'.
2017-01-17 08:54:52 5308 [Note] Plugin 'FEDERATED' is disabled.
2017-01-17 08:54:52 5308 [Note] InnoDB: The InnoDB memory heap is disabled
2017-01-17 08:54:52 5308 [Note] InnoDB: Mutexes and rw_locks use Windows interlocked functions
2017-01-17 08:54:52 5308 [Note] InnoDB: Compressed tables use zlib 1.2.3
2017-01-17 08:54:52 5308 [Note] InnoDB: Not using CPU crc32 instructions
2017-01-17 08:54:52 5308 [Note] InnoDB: Initializing buffer pool, size = 128.0M
2017-01-17 08:54:52 5308 [Note] InnoDB: Completed initialization of buffer pool
2017-01-17 08:54:52 5308 [Note] InnoDB: Highest supported file format is Barracuda.
2017-01-17 08:54:52 5308 [Note] InnoDB: The log sequence numbers 1626716 and 1626716 in ibdata files do not match the log sequence number 1626986 in the ib_logfiles!
2017-01-17 08:54:52 5308 [Note] InnoDB: Database was not shutdown normally!
2017-01-17 08:54:52 5308 [Note] InnoDB: Starting crash recovery.
2017-01-17 08:54:52 5308 [Note] InnoDB: Reading tablespace information from the .ibd files...
2017-01-17 08:54:52 5308 [Note] InnoDB: Restoring possible half-written data pages 
2017-01-17 08:54:52 5308 [Note] InnoDB: from the doublewrite buffer...
2017-01-17 08:54:53 5308 [Note] InnoDB: 128 rollback segment(s) are active.
2017-01-17 08:54:53 5308 [Note] InnoDB: Waiting for purge to start
2017-01-17 08:54:53 5308 [Note] InnoDB: 5.6.13 started; log sequence number 1626986
2017-01-17 08:54:53 5308 [Note] Server hostname (bind-address): '*'; port: 3307
2017-01-17 08:54:53 5308 [Note] IPv6 is available.
2017-01-17 08:54:53 5308 [Note]   - '::' resolves to '::';
2017-01-17 08:54:53 5308 [Note] Server socket created on IP: '::'.
2017-02-01 10:24:45 2564 [Note] Plugin 'FEDERATED' is disabled.
2017-02-01 10:24:45 2564 [Note] InnoDB: The InnoDB memory heap is disabled
2017-02-01 10:24:45 2564 [Note] InnoDB: Mutexes and rw_locks use Windows interlocked functions
2017-02-01 10:24:45 2564 [Note] InnoDB: Compressed tables use zlib 1.2.3
2017-02-01 10:24:45 2564 [Note] InnoDB: Not using CPU crc32 instructions
2017-02-01 10:24:45 2564 [Note] InnoDB: Initializing buffer pool, size = 128.0M
2017-02-01 10:24:45 2564 [Note] InnoDB: Completed initialization of buffer pool
2017-02-01 10:24:45 2564 [Note] InnoDB: Highest supported file format is Barracuda.
2017-02-01 10:24:45 2564 [Note] InnoDB: The log sequence numbers 1626716 and 1626716 in ibdata files do not match the log sequence number 1626996 in the ib_logfiles!
2017-02-01 10:24:45 2564 [Note] InnoDB: Database was not shutdown normally!
2017-02-01 10:24:45 2564 [Note] InnoDB: Starting crash recovery.
2017-02-01 10:24:45 2564 [Note] InnoDB: Reading tablespace information from the .ibd files...
2017-02-01 10:24:45 2564 [Note] InnoDB: Restoring possible half-written data pages 
2017-02-01 10:24:45 2564 [Note] InnoDB: from the doublewrite buffer...
2017-02-01 10:24:45 2564 [Note] InnoDB: 128 rollback segment(s) are active.
2017-02-01 10:24:45 2564 [Note] InnoDB: Waiting for purge to start
2017-02-01 10:24:45 2564 [Note] InnoDB: 5.6.13 started; log sequence number 1626996
2017-02-01 10:24:45 2564 [Note] Server hostname (bind-address): '*'; port: 3307
2017-02-01 10:24:45 2564 [Note] IPv6 is available.
2017-02-01 10:24:45 2564 [Note]   - '::' resolves to '::';
2017-02-01 10:24:45 2564 [Note] Server socket created on IP: '::'.
2017-02-01 10:25:41 2988 [Note] Plugin 'FEDERATED' is disabled.
2017-02-01 10:25:41 2988 [Note] InnoDB: The InnoDB memory heap is disabled
2017-02-01 10:25:41 2988 [Note] InnoDB: Mutexes and rw_locks use Windows interlocked functions
2017-02-01 10:25:41 2988 [Note] InnoDB: Compressed tables use zlib 1.2.3
2017-02-01 10:25:41 2988 [Note] InnoDB: Not using CPU crc32 instructions
2017-02-01 10:25:41 2988 [Note] InnoDB: Initializing buffer pool, size = 128.0M
2017-02-01 10:25:41 2988 [Note] InnoDB: Completed initialization of buffer pool
2017-02-01 10:25:42 2988 [ERROR] InnoDB: C:\Users\maps\Desktop\Map\mysql\data\ibdata1 can't be opened in read-write mode
2017-02-01 10:25:42 2988 [ERROR] InnoDB: The system tablespace must be writable!
2017-02-01 10:25:42 2988 [ERROR] Plugin 'InnoDB' init function returned error.
2017-02-01 10:25:42 2988 [ERROR] Plugin 'InnoDB' registration as a STORAGE ENGINE failed.
2017-02-01 10:25:42 2988 [ERROR] Unknown/unsupported storage engine: InnoDB
2017-02-01 10:25:42 2988 [ERROR] Aborting

2017-02-01 10:25:42 2988 [Note] Binlog end
2017-02-01 10:25:42 2988 [Note] Shutting down plugin 'partition'
2017-02-01 10:25:42 2988 [Note] Shutting down plugin 'PERFORMANCE_SCHEMA'
2017-02-01 10:25:42 2988 [Note] Shutting down plugin 'INNODB_SYS_DATAFILES'
2017-02-01 10:25:42 2988 [Note] Shutting down plugin 'INNODB_SYS_TABLESPACES'
2017-02-01 10:25:42 2988 [Note] Shutting down plugin 'INNODB_SYS_FOREIGN_COLS'
2017-02-01 10:25:42 2988 [Note] Shutting down plugin 'INNODB_SYS_FOREIGN'
2017-02-01 10:25:42 2988 [Note] Shutting down plugin 'INNODB_SYS_FIELDS'
2017-02-01 10:25:42 2988 [Note] Shutting down plugin 'INNODB_SYS_COLUMNS'
2017-02-01 10:25:42 2988 [Note] Shutting down plugin 'INNODB_SYS_INDEXES'
2017-02-01 10:25:42 2988 [Note] Shutting down plugin 'INNODB_SYS_TABLESTATS'
2017-02-01 10:25:42 2988 [Note] Shutting down plugin 'INNODB_SYS_TABLES'
2017-02-01 10:25:42 2988 [Note] Shutting down plugin 'INNODB_FT_INDEX_TABLE'
2017-02-01 10:25:42 2988 [Note] Shutting down plugin 'INNODB_FT_INDEX_CACHE'
2017-02-01 10:25:42 2988 [Note] Shutting down plugin 'INNODB_FT_CONFIG'
2017-02-01 10:25:42 2988 [Note] Shutting down plugin 'INNODB_FT_BEING_DELETED'
2017-02-01 10:25:42 2988 [Note] Shutting down plugin 'INNODB_FT_DELETED'
2017-02-01 10:25:42 2988 [Note] Shutting down plugin 'INNODB_FT_DEFAULT_STOPWORD'
2017-02-01 10:25:42 2988 [Note] Shutting down plugin 'INNODB_METRICS'
2017-02-01 10:25:42 2988 [Note] Shutting down plugin 'INNODB_BUFFER_POOL_STATS'
2017-02-01 10:25:42 2988 [Note] Shutting down plugin 'INNODB_BUFFER_PAGE_LRU'
2017-02-01 10:25:42 2988 [Note] Shutting down plugin 'INNODB_BUFFER_PAGE'
2017-02-01 10:25:42 2988 [Note] Shutting down plugin 'INNODB_CMP_PER_INDEX_RESET'
2017-02-01 10:25:42 2988 [Note] Shutting down plugin 'INNODB_CMP_PER_INDEX'
2017-02-01 10:25:42 2988 [Note] Shutting down plugin 'INNODB_CMPMEM_RESET'
2017-02-01 10:25:42 2988 [Note] Shutting down plugin 'INNODB_CMPMEM'
2017-02-01 10:25:42 2988 [Note] Shutting down plugin 'INNODB_CMP_RESET'
2017-02-01 10:25:42 2988 [Note] Shutting down plugin 'INNODB_CMP'
2017-02-01 10:25:42 2988 [Note] Shutting down plugin 'INNODB_LOCK_WAITS'
2017-02-01 10:25:42 2988 [Note] Shutting down plugin 'INNODB_LOCKS'
2017-02-01 10:25:42 2988 [Note] Shutting down plugin 'INNODB_TRX'
2017-02-01 10:25:42 2988 [Note] Shutting down plugin 'BLACKHOLE'
2017-02-01 10:25:42 2988 [Note] Shutting down plugin 'ARCHIVE'
2017-02-01 10:25:42 2988 [Note] Shutting down plugin 'MRG_MYISAM'
2017-02-01 10:25:42 2988 [Note] Shutting down plugin 'MyISAM'
2017-02-01 10:25:42 2988 [Note] Shutting down plugin 'MEMORY'
2017-02-01 10:25:42 2988 [Note] Shutting down plugin 'CSV'
2017-02-01 10:25:42 2988 [Note] Shutting down plugin 'sha256_password'
2017-02-01 10:25:42 2988 [Note] Shutting down plugin 'mysql_old_password'
2017-02-01 10:25:42 2988 [Note] Shutting down plugin 'mysql_native_password'
2017-02-01 10:25:42 2988 [Note] Shutting down plugin 'binlog'
2017-02-01 10:25:42 2988 [Note] C:\Users\maps\Desktop\Map/mysql/bin/mysqld_usbwv8.exe: Shutdown complete

2017-02-09 09:03:42 6588 [Note] Plugin 'FEDERATED' is disabled.
2017-02-09 09:03:42 6588 [Note] InnoDB: The InnoDB memory heap is disabled
2017-02-09 09:03:42 6588 [Note] InnoDB: Mutexes and rw_locks use Windows interlocked functions
2017-02-09 09:03:42 6588 [Note] InnoDB: Compressed tables use zlib 1.2.3
2017-02-09 09:03:42 6588 [Note] InnoDB: Not using CPU crc32 instructions
2017-02-09 09:03:42 6588 [Note] InnoDB: Initializing buffer pool, size = 128.0M
2017-02-09 09:03:42 6588 [Note] InnoDB: Completed initialization of buffer pool
2017-02-09 09:03:42 6588 [Note] InnoDB: Highest supported file format is Barracuda.
2017-02-09 09:03:42 6588 [Note] InnoDB: The log sequence numbers 1626716 and 1626716 in ibdata files do not match the log sequence number 1627006 in the ib_logfiles!
2017-02-09 09:03:42 6588 [Note] InnoDB: Database was not shutdown normally!
2017-02-09 09:03:42 6588 [Note] InnoDB: Starting crash recovery.
2017-02-09 09:03:42 6588 [Note] InnoDB: Reading tablespace information from the .ibd files...
2017-02-09 09:03:42 6588 [Note] InnoDB: Restoring possible half-written data pages 
2017-02-09 09:03:42 6588 [Note] InnoDB: from the doublewrite buffer...
2017-02-09 09:03:44 6588 [Note] InnoDB: 128 rollback segment(s) are active.
2017-02-09 09:03:44 6588 [Note] InnoDB: Waiting for purge to start
2017-02-09 09:03:44 6588 [Note] InnoDB: 5.6.13 started; log sequence number 1627006
2017-02-09 09:03:44 6588 [Note] Server hostname (bind-address): '*'; port: 3307
2017-02-09 09:03:44 6588 [Note] IPv6 is available.
2017-02-09 09:03:44 6588 [Note]   - '::' resolves to '::';
2017-02-09 09:03:44 6588 [Note] Server socket created on IP: '::'.
2017-02-09 09:05:33 7644 [Note] Plugin 'FEDERATED' is disabled.
2017-02-09 09:05:33 7644 [Note] InnoDB: The InnoDB memory heap is disabled
2017-02-09 09:05:33 7644 [Note] InnoDB: Mutexes and rw_locks use Windows interlocked functions
2017-02-09 09:05:33 7644 [Note] InnoDB: Compressed tables use zlib 1.2.3
2017-02-09 09:05:33 7644 [Note] InnoDB: Not using CPU crc32 instructions
2017-02-09 09:05:33 7644 [Note] InnoDB: Initializing buffer pool, size = 128.0M
2017-02-09 09:05:33 7644 [Note] InnoDB: Completed initialization of buffer pool
2017-02-09 09:05:33 7644 [Note] InnoDB: Highest supported file format is Barracuda.
2017-02-09 09:05:33 7644 [Note] InnoDB: The log sequence numbers 1626716 and 1626716 in ibdata files do not match the log sequence number 1627016 in the ib_logfiles!
2017-02-09 09:05:33 7644 [Note] InnoDB: Database was not shutdown normally!
2017-02-09 09:05:33 7644 [Note] InnoDB: Starting crash recovery.
2017-02-09 09:05:33 7644 [Note] InnoDB: Reading tablespace information from the .ibd files...
2017-02-09 09:05:33 7644 [Note] InnoDB: Restoring possible half-written data pages 
2017-02-09 09:05:33 7644 [Note] InnoDB: from the doublewrite buffer...
2017-02-09 09:05:34 7644 [Note] InnoDB: 128 rollback segment(s) are active.
2017-02-09 09:05:34 7644 [Note] InnoDB: Waiting for purge to start
2017-02-09 09:05:34 7644 [Note] InnoDB: 5.6.13 started; log sequence number 1627016
2017-02-09 09:05:34 7644 [Note] Server hostname (bind-address): '*'; port: 3307
2017-02-09 09:05:34 7644 [Note] IPv6 is available.
2017-02-09 09:05:34 7644 [Note]   - '::' resolves to '::';
2017-02-09 09:05:34 7644 [Note] Server socket created on IP: '::'.
2017-02-24 09:00:27 5916 [Note] Plugin 'FEDERATED' is disabled.
2017-02-24 09:00:27 5916 [Note] InnoDB: The InnoDB memory heap is disabled
2017-02-24 09:00:27 5916 [Note] InnoDB: Mutexes and rw_locks use Windows interlocked functions
2017-02-24 09:00:27 5916 [Note] InnoDB: Compressed tables use zlib 1.2.3
2017-02-24 09:00:27 5916 [Note] InnoDB: Not using CPU crc32 instructions
2017-02-24 09:00:27 5916 [Note] InnoDB: Initializing buffer pool, size = 128.0M
2017-02-24 09:00:27 5916 [Note] InnoDB: Completed initialization of buffer pool
2017-02-24 09:00:28 5916 [Note] InnoDB: Highest supported file format is Barracuda.
2017-02-24 09:00:28 5916 [Note] InnoDB: The log sequence numbers 1626716 and 1626716 in ibdata files do not match the log sequence number 1627026 in the ib_logfiles!
2017-02-24 09:00:28 5916 [Note] InnoDB: Database was not shutdown normally!
2017-02-24 09:00:28 5916 [Note] InnoDB: Starting crash recovery.
2017-02-24 09:00:28 5916 [Note] InnoDB: Reading tablespace information from the .ibd files...
2017-02-24 09:00:28 5916 [Note] InnoDB: Restoring possible half-written data pages 
2017-02-24 09:00:28 5916 [Note] InnoDB: from the doublewrite buffer...
2017-02-24 09:00:28 5916 [Note] InnoDB: 128 rollback segment(s) are active.
2017-02-24 09:00:28 5916 [Note] InnoDB: Waiting for purge to start
2017-02-24 09:00:28 5916 [Note] InnoDB: 5.6.13 started; log sequence number 1627026
2017-02-24 09:00:28 5916 [Note] Server hostname (bind-address): '*'; port: 3307
2017-02-24 09:00:28 5916 [Note] IPv6 is available.
2017-02-24 09:00:28 5916 [Note]   - '::' resolves to '::';
2017-02-24 09:00:28 5916 [Note] Server socket created on IP: '::'.
2017-03-22 09:28:46 2444 [Note] Plugin 'FEDERATED' is disabled.
2017-03-22 09:28:46 2444 [Note] InnoDB: The InnoDB memory heap is disabled
2017-03-22 09:28:46 2444 [Note] InnoDB: Mutexes and rw_locks use Windows interlocked functions
2017-03-22 09:28:46 2444 [Note] InnoDB: Compressed tables use zlib 1.2.3
2017-03-22 09:28:46 2444 [Note] InnoDB: Not using CPU crc32 instructions
2017-03-22 09:28:46 2444 [Note] InnoDB: Initializing buffer pool, size = 128.0M
2017-03-22 09:28:46 2444 [Note] InnoDB: Completed initialization of buffer pool
2017-03-22 09:28:46 2444 [Note] InnoDB: Highest supported file format is Barracuda.
2017-03-22 09:28:46 2444 [Note] InnoDB: The log sequence numbers 1626716 and 1626716 in ibdata files do not match the log sequence number 1627036 in the ib_logfiles!
2017-03-22 09:28:46 2444 [Note] InnoDB: Database was not shutdown normally!
2017-03-22 09:28:46 2444 [Note] InnoDB: Starting crash recovery.
2017-03-22 09:28:46 2444 [Note] InnoDB: Reading tablespace information from the .ibd files...
2017-03-22 09:28:46 2444 [Note] InnoDB: Restoring possible half-written data pages 
2017-03-22 09:28:46 2444 [Note] InnoDB: from the doublewrite buffer...
2017-03-22 09:28:47 2444 [Note] InnoDB: 128 rollback segment(s) are active.
2017-03-22 09:28:47 2444 [Note] InnoDB: Waiting for purge to start
2017-03-22 09:28:47 2444 [Note] InnoDB: 5.6.13 started; log sequence number 1627036
2017-03-22 09:28:47 2444 [Note] Server hostname (bind-address): '*'; port: 3307
2017-03-22 09:28:47 2444 [Note] IPv6 is available.
2017-03-22 09:28:47 2444 [Note]   - '::' resolves to '::';
2017-03-22 09:28:47 2444 [Note] Server socket created on IP: '::'.
2017-03-22 09:29:50 7400 [Note] Plugin 'FEDERATED' is disabled.
2017-03-22 09:29:50 7400 [Note] InnoDB: The InnoDB memory heap is disabled
2017-03-22 09:29:50 7400 [Note] InnoDB: Mutexes and rw_locks use Windows interlocked functions
2017-03-22 09:29:50 7400 [Note] InnoDB: Compressed tables use zlib 1.2.3
2017-03-22 09:29:50 7400 [Note] InnoDB: Not using CPU crc32 instructions
2017-03-22 09:29:50 7400 [Note] InnoDB: Initializing buffer pool, size = 128.0M
2017-03-22 09:29:50 7400 [Note] InnoDB: Completed initialization of buffer pool
2017-03-22 09:29:50 7400 [Note] InnoDB: Highest supported file format is Barracuda.
2017-03-22 09:29:50 7400 [Note] InnoDB: The log sequence numbers 1626716 and 1626716 in ibdata files do not match the log sequence number 1627046 in the ib_logfiles!
2017-03-22 09:29:50 7400 [Note] InnoDB: Database was not shutdown normally!
2017-03-22 09:29:50 7400 [Note] InnoDB: Starting crash recovery.
2017-03-22 09:29:50 7400 [Note] InnoDB: Reading tablespace information from the .ibd files...
2017-03-22 09:29:50 7400 [Note] InnoDB: Restoring possible half-written data pages 
2017-03-22 09:29:50 7400 [Note] InnoDB: from the doublewrite buffer...
2017-03-22 09:29:50 7400 [Note] InnoDB: 128 rollback segment(s) are active.
2017-03-22 09:29:50 7400 [Note] InnoDB: Waiting for purge to start
2017-03-22 09:29:50 7400 [Note] InnoDB: 5.6.13 started; log sequence number 1627046
2017-03-22 09:29:50 7400 [Note] Server hostname (bind-address): '*'; port: 3307
2017-03-22 09:29:50 7400 [Note] IPv6 is available.
2017-03-22 09:29:50 7400 [Note]   - '::' resolves to '::';
2017-03-22 09:29:50 7400 [Note] Server socket created on IP: '::'.
2017-03-22 09:31:08 1588 [Note] Plugin 'FEDERATED' is disabled.
2017-03-22 09:31:08 1588 [Note] InnoDB: The InnoDB memory heap is disabled
2017-03-22 09:31:08 1588 [Note] InnoDB: Mutexes and rw_locks use Windows interlocked functions
2017-03-22 09:31:08 1588 [Note] InnoDB: Compressed tables use zlib 1.2.3
2017-03-22 09:31:08 1588 [Note] InnoDB: Not using CPU crc32 instructions
2017-03-22 09:31:08 1588 [Note] InnoDB: Initializing buffer pool, size = 128.0M
2017-03-22 09:31:08 1588 [Note] InnoDB: Completed initialization of buffer pool
2017-03-22 09:31:08 1588 [Note] InnoDB: Highest supported file format is Barracuda.
2017-03-22 09:31:08 1588 [Note] InnoDB: The log sequence numbers 1626716 and 1626716 in ibdata files do not match the log sequence number 1627056 in the ib_logfiles!
2017-03-22 09:31:08 1588 [Note] InnoDB: Database was not shutdown normally!
2017-03-22 09:31:08 1588 [Note] InnoDB: Starting crash recovery.
2017-03-22 09:31:08 1588 [Note] InnoDB: Reading tablespace information from the .ibd files...
2017-03-22 09:31:08 1588 [Note] InnoDB: Restoring possible half-written data pages 
2017-03-22 09:31:08 1588 [Note] InnoDB: from the doublewrite buffer...
2017-03-22 09:31:09 1588 [Note] InnoDB: 128 rollback segment(s) are active.
2017-03-22 09:31:09 1588 [Note] InnoDB: Waiting for purge to start
2017-03-22 09:31:09 1588 [Note] InnoDB: 5.6.13 started; log sequence number 1627056
2017-03-22 09:31:09 1588 [Note] Server hostname (bind-address): '*'; port: 3307
2017-03-22 09:31:09 1588 [Note] IPv6 is available.
2017-03-22 09:31:09 1588 [Note]   - '::' resolves to '::';
2017-03-22 09:31:09 1588 [Note] Server socket created on IP: '::'.
2017-03-27 09:06:04 5240 [Note] Plugin 'FEDERATED' is disabled.
2017-03-27 09:06:04 5240 [Note] InnoDB: The InnoDB memory heap is disabled
2017-03-27 09:06:04 5240 [Note] InnoDB: Mutexes and rw_locks use Windows interlocked functions
2017-03-27 09:06:04 5240 [Note] InnoDB: Compressed tables use zlib 1.2.3
2017-03-27 09:06:04 5240 [Note] InnoDB: Not using CPU crc32 instructions
2017-03-27 09:06:04 5240 [Note] InnoDB: Initializing buffer pool, size = 128.0M
2017-03-27 09:06:04 5240 [Note] InnoDB: Completed initialization of buffer pool
2017-03-27 09:06:05 5240 [Note] InnoDB: Highest supported file format is Barracuda.
2017-03-27 09:06:05 5240 [Note] InnoDB: The log sequence numbers 1626716 and 1626716 in ibdata files do not match the log sequence number 1627066 in the ib_logfiles!
2017-03-27 09:06:05 5240 [Note] InnoDB: Database was not shutdown normally!
2017-03-27 09:06:05 5240 [Note] InnoDB: Starting crash recovery.
2017-03-27 09:06:05 5240 [Note] InnoDB: Reading tablespace information from the .ibd files...
2017-03-27 09:06:05 5240 [Note] InnoDB: Restoring possible half-written data pages 
2017-03-27 09:06:05 5240 [Note] InnoDB: from the doublewrite buffer...
2017-03-27 09:06:05 5240 [Note] InnoDB: 128 rollback segment(s) are active.
2017-03-27 09:06:05 5240 [Note] InnoDB: Waiting for purge to start
2017-03-27 09:06:05 5240 [Note] InnoDB: 5.6.13 started; log sequence number 1627066
2017-03-27 09:06:05 5240 [Note] Server hostname (bind-address): '*'; port: 3307
2017-03-27 09:06:05 5240 [Note] IPv6 is available.
2017-03-27 09:06:05 5240 [Note]   - '::' resolves to '::';
2017-03-27 09:06:05 5240 [Note] Server socket created on IP: '::'.
2017-03-27 09:12:02 4512 [Note] Plugin 'FEDERATED' is disabled.
2017-03-27 09:12:02 4512 [Note] InnoDB: The InnoDB memory heap is disabled
2017-03-27 09:12:02 4512 [Note] InnoDB: Mutexes and rw_locks use Windows interlocked functions
2017-03-27 09:12:02 4512 [Note] InnoDB: Compressed tables use zlib 1.2.3
2017-03-27 09:12:02 4512 [Note] InnoDB: Not using CPU crc32 instructions
2017-03-27 09:12:02 4512 [Note] InnoDB: Initializing buffer pool, size = 128.0M
2017-03-27 09:12:02 4512 [Note] InnoDB: Completed initialization of buffer pool
2017-03-27 09:12:02 4512 [Note] InnoDB: Highest supported file format is Barracuda.
2017-03-27 09:12:02 4512 [Note] InnoDB: The log sequence numbers 1626716 and 1626716 in ibdata files do not match the log sequence number 1627076 in the ib_logfiles!
2017-03-27 09:12:02 4512 [Note] InnoDB: Database was not shutdown normally!
2017-03-27 09:12:02 4512 [Note] InnoDB: Starting crash recovery.
2017-03-27 09:12:02 4512 [Note] InnoDB: Reading tablespace information from the .ibd files...
2017-03-27 09:12:02 4512 [Note] InnoDB: Restoring possible half-written data pages 
2017-03-27 09:12:02 4512 [Note] InnoDB: from the doublewrite buffer...
2017-03-27 09:12:03 4512 [Note] InnoDB: 128 rollback segment(s) are active.
2017-03-27 09:12:03 4512 [Note] InnoDB: Waiting for purge to start
2017-03-27 09:12:03 4512 [Note] InnoDB: 5.6.13 started; log sequence number 1627076
2017-03-27 09:12:03 4512 [Note] Server hostname (bind-address): '*'; port: 3307
2017-03-27 09:12:03 4512 [Note] IPv6 is available.
2017-03-27 09:12:03 4512 [Note]   - '::' resolves to '::';
2017-03-27 09:12:03 4512 [Note] Server socket created on IP: '::'.
2017-04-06 13:14:53 5772 [Note] Plugin 'FEDERATED' is disabled.
2017-04-06 13:14:53 5772 [Note] InnoDB: The InnoDB memory heap is disabled
2017-04-06 13:14:53 5772 [Note] InnoDB: Mutexes and rw_locks use Windows interlocked functions
2017-04-06 13:14:53 5772 [Note] InnoDB: Compressed tables use zlib 1.2.3
2017-04-06 13:14:53 5772 [Note] InnoDB: Not using CPU crc32 instructions
2017-04-06 13:14:53 5772 [Note] InnoDB: Initializing buffer pool, size = 128.0M
2017-04-06 13:14:53 5772 [Note] InnoDB: Completed initialization of buffer pool
2017-04-06 13:14:53 5772 [Note] InnoDB: Highest supported file format is Barracuda.
2017-04-06 13:14:53 5772 [Note] InnoDB: The log sequence numbers 1626716 and 1626716 in ibdata files do not match the log sequence number 1627086 in the ib_logfiles!
2017-04-06 13:14:53 5772 [Note] InnoDB: Database was not shutdown normally!
2017-04-06 13:14:53 5772 [Note] InnoDB: Starting crash recovery.
2017-04-06 13:14:53 5772 [Note] InnoDB: Reading tablespace information from the .ibd files...
2017-04-06 13:14:53 5772 [Note] InnoDB: Restoring possible half-written data pages 
2017-04-06 13:14:53 5772 [Note] InnoDB: from the doublewrite buffer...
2017-04-06 13:14:54 5772 [Note] InnoDB: 128 rollback segment(s) are active.
2017-04-06 13:14:54 5772 [Note] InnoDB: Waiting for purge to start
2017-04-06 13:14:54 5772 [Note] InnoDB: 5.6.13 started; log sequence number 1627086
2017-04-06 13:14:54 5772 [Note] Server hostname (bind-address): '*'; port: 3307
2017-04-06 13:14:54 5772 [Note] IPv6 is available.
2017-04-06 13:14:54 5772 [Note]   - '::' resolves to '::';
2017-04-06 13:14:54 5772 [Note] Server socket created on IP: '::'.
2017-04-20 13:03:40 2444 [Note] Plugin 'FEDERATED' is disabled.
2017-04-20 13:03:41 2444 [Note] InnoDB: The InnoDB memory heap is disabled
2017-04-20 13:03:41 2444 [Note] InnoDB: Mutexes and rw_locks use Windows interlocked functions
2017-04-20 13:03:41 2444 [Note] InnoDB: Compressed tables use zlib 1.2.3
2017-04-20 13:03:41 2444 [Note] InnoDB: Not using CPU crc32 instructions
2017-04-20 13:03:41 2444 [Note] InnoDB: Initializing buffer pool, size = 128.0M
2017-04-20 13:03:41 2444 [Note] InnoDB: Completed initialization of buffer pool
2017-04-20 13:03:41 2444 [Note] InnoDB: Highest supported file format is Barracuda.
2017-04-20 13:03:42 2444 [Note] InnoDB: The log sequence numbers 1626716 and 1626716 in ibdata files do not match the log sequence number 1627096 in the ib_logfiles!
2017-04-20 13:03:42 2444 [Note] InnoDB: Database was not shutdown normally!
2017-04-20 13:03:42 2444 [Note] InnoDB: Starting crash recovery.
2017-04-20 13:03:42 2444 [Note] InnoDB: Reading tablespace information from the .ibd files...
2017-04-20 13:03:43 2444 [Note] InnoDB: Restoring possible half-written data pages 
2017-04-20 13:03:43 2444 [Note] InnoDB: from the doublewrite buffer...
2017-04-20 13:03:51 2444 [Note] InnoDB: 128 rollback segment(s) are active.
2017-04-20 13:03:51 2444 [Note] InnoDB: Waiting for purge to start
2017-04-20 13:03:51 2444 [Note] InnoDB: 5.6.13 started; log sequence number 1627096
2017-04-20 13:03:51 2444 [Note] Server hostname (bind-address): '*'; port: 3307
2017-04-20 13:03:51 2444 [Note] IPv6 is available.
2017-04-20 13:03:51 2444 [Note]   - '::' resolves to '::';
2017-04-20 13:03:51 2444 [Note] Server socket created on IP: '::'.
2017-04-20 13:04:57 6044 [Note] Plugin 'FEDERATED' is disabled.
2017-04-20 13:04:57 6044 [Note] InnoDB: The InnoDB memory heap is disabled
2017-04-20 13:04:57 6044 [Note] InnoDB: Mutexes and rw_locks use Windows interlocked functions
2017-04-20 13:04:57 6044 [Note] InnoDB: Compressed tables use zlib 1.2.3
2017-04-20 13:04:57 6044 [Note] InnoDB: Not using CPU crc32 instructions
2017-04-20 13:04:57 6044 [Note] InnoDB: Initializing buffer pool, size = 128.0M
2017-04-20 13:04:57 6044 [Note] InnoDB: Completed initialization of buffer pool
2017-04-20 13:04:57 6044 [Note] InnoDB: Highest supported file format is Barracuda.
2017-04-20 13:04:57 6044 [Note] InnoDB: The log sequence numbers 1626716 and 1626716 in ibdata files do not match the log sequence number 1627106 in the ib_logfiles!
2017-04-20 13:04:57 6044 [Note] InnoDB: Database was not shutdown normally!
2017-04-20 13:04:57 6044 [Note] InnoDB: Starting crash recovery.
2017-04-20 13:04:57 6044 [Note] InnoDB: Reading tablespace information from the .ibd files...
2017-04-20 13:04:57 6044 [Note] InnoDB: Restoring possible half-written data pages 
2017-04-20 13:04:57 6044 [Note] InnoDB: from the doublewrite buffer...
2017-04-20 13:04:57 6044 [Note] InnoDB: 128 rollback segment(s) are active.
2017-04-20 13:04:57 6044 [Note] InnoDB: Waiting for purge to start
2017-04-20 13:04:57 6044 [Note] InnoDB: 5.6.13 started; log sequence number 1627106
2017-04-20 13:04:57 6044 [Note] Server hostname (bind-address): '*'; port: 3307
2017-04-20 13:04:57 6044 [Note] IPv6 is available.
2017-04-20 13:04:57 6044 [Note]   - '::' resolves to '::';
2017-04-20 13:04:57 6044 [Note] Server socket created on IP: '::'.
2017-05-03 09:00:42 3460 [Note] Plugin 'FEDERATED' is disabled.
2017-05-03 09:00:42 3460 [Note] InnoDB: The InnoDB memory heap is disabled
2017-05-03 09:00:42 3460 [Note] InnoDB: Mutexes and rw_locks use Windows interlocked functions
2017-05-03 09:00:42 3460 [Note] InnoDB: Compressed tables use zlib 1.2.3
2017-05-03 09:00:42 3460 [Note] InnoDB: Not using CPU crc32 instructions
2017-05-03 09:00:42 3460 [Note] InnoDB: Initializing buffer pool, size = 128.0M
2017-05-03 09:00:42 3460 [Note] InnoDB: Completed initialization of buffer pool
2017-05-03 09:00:42 3460 [Note] InnoDB: Highest supported file format is Barracuda.
2017-05-03 09:00:42 3460 [Note] InnoDB: The log sequence numbers 1626716 and 1626716 in ibdata files do not match the log sequence number 1627116 in the ib_logfiles!
2017-05-03 09:00:42 3460 [Note] InnoDB: Database was not shutdown normally!
2017-05-03 09:00:42 3460 [Note] InnoDB: Starting crash recovery.
2017-05-03 09:00:42 3460 [Note] InnoDB: Reading tablespace information from the .ibd files...
2017-05-03 09:00:42 3460 [Note] InnoDB: Restoring possible half-written data pages 
2017-05-03 09:00:42 3460 [Note] InnoDB: from the doublewrite buffer...
2017-05-03 09:00:43 3460 [Note] InnoDB: 128 rollback segment(s) are active.
2017-05-03 09:00:43 3460 [Note] InnoDB: Waiting for purge to start
2017-05-03 09:00:43 3460 [Note] InnoDB: 5.6.13 started; log sequence number 1627116
2017-05-03 09:00:43 3460 [Note] Server hostname (bind-address): '*'; port: 3307
2017-05-03 09:00:43 3460 [Note] IPv6 is available.
2017-05-03 09:00:43 3460 [Note]   - '::' resolves to '::';
2017-05-03 09:00:43 3460 [Note] Server socket created on IP: '::'.
2017-05-03 09:38:05 160 [Note] Plugin 'FEDERATED' is disabled.
2017-05-03 09:38:05 160 [Note] InnoDB: The InnoDB memory heap is disabled
2017-05-03 09:38:05 160 [Note] InnoDB: Mutexes and rw_locks use Windows interlocked functions
2017-05-03 09:38:05 160 [Note] InnoDB: Compressed tables use zlib 1.2.3
2017-05-03 09:38:05 160 [Note] InnoDB: Not using CPU crc32 instructions
2017-05-03 09:38:05 160 [Note] InnoDB: Initializing buffer pool, size = 128.0M
2017-05-03 09:38:05 160 [Note] InnoDB: Completed initialization of buffer pool
2017-05-03 09:38:05 160 [Note] InnoDB: Highest supported file format is Barracuda.
2017-05-03 09:38:05 160 [Note] InnoDB: The log sequence numbers 1626716 and 1626716 in ibdata files do not match the log sequence number 1627126 in the ib_logfiles!
2017-05-03 09:38:05 160 [Note] InnoDB: Database was not shutdown normally!
2017-05-03 09:38:05 160 [Note] InnoDB: Starting crash recovery.
2017-05-03 09:38:05 160 [Note] InnoDB: Reading tablespace information from the .ibd files...
2017-05-03 09:38:05 160 [Note] InnoDB: Restoring possible half-written data pages 
2017-05-03 09:38:05 160 [Note] InnoDB: from the doublewrite buffer...
2017-05-03 09:38:05 160 [Note] InnoDB: 128 rollback segment(s) are active.
2017-05-03 09:38:05 160 [Note] InnoDB: Waiting for purge to start
2017-05-03 09:38:05 160 [Note] InnoDB: 5.6.13 started; log sequence number 1627126
2017-05-03 09:38:05 160 [Note] Server hostname (bind-address): '*'; port: 3307
2017-05-03 09:38:05 160 [Note] IPv6 is available.
2017-05-03 09:38:05 160 [Note]   - '::' resolves to '::';
2017-05-03 09:38:05 160 [Note] Server socket created on IP: '::'.
2017-05-16 17:22:41 4640 [Note] Plugin 'FEDERATED' is disabled.
2017-05-16 17:22:41 4640 [Note] InnoDB: The InnoDB memory heap is disabled
2017-05-16 17:22:41 4640 [Note] InnoDB: Mutexes and rw_locks use Windows interlocked functions
2017-05-16 17:22:41 4640 [Note] InnoDB: Compressed tables use zlib 1.2.3
2017-05-16 17:22:41 4640 [Note] InnoDB: Not using CPU crc32 instructions
2017-05-16 17:22:41 4640 [Note] InnoDB: Initializing buffer pool, size = 128.0M
2017-05-16 17:22:41 4640 [Note] InnoDB: Completed initialization of buffer pool
2017-05-16 17:22:41 4640 [Note] InnoDB: Highest supported file format is Barracuda.
2017-05-16 17:22:41 4640 [Note] InnoDB: The log sequence numbers 1626716 and 1626716 in ibdata files do not match the log sequence number 1627152 in the ib_logfiles!
2017-05-16 17:22:41 4640 [Note] InnoDB: Database was not shutdown normally!
2017-05-16 17:22:41 4640 [Note] InnoDB: Starting crash recovery.
2017-05-16 17:22:41 4640 [Note] InnoDB: Reading tablespace information from the .ibd files...
2017-05-16 17:22:41 4640 [Note] InnoDB: Restoring possible half-written data pages 
2017-05-16 17:22:41 4640 [Note] InnoDB: from the doublewrite buffer...
2017-05-16 17:22:41 4640 [Note] InnoDB: 128 rollback segment(s) are active.
2017-05-16 17:22:41 4640 [Note] InnoDB: Waiting for purge to start
2017-05-16 17:22:41 4640 [Note] InnoDB: 5.6.13 started; log sequence number 1627152
2017-05-16 17:22:41 4640 [Note] Server hostname (bind-address): '*'; port: 3307
2017-05-16 17:22:41 4640 [Note] IPv6 is available.
2017-05-16 17:22:41 4640 [Note]   - '::' resolves to '::';
2017-05-16 17:22:41 4640 [Note] Server socket created on IP: '::'.
2017-05-25 17:16:19 3756 [Note] Plugin 'FEDERATED' is disabled.
2017-05-25 17:16:19 3756 [Note] InnoDB: The InnoDB memory heap is disabled
2017-05-25 17:16:19 3756 [Note] InnoDB: Mutexes and rw_locks use Windows interlocked functions
2017-05-25 17:16:19 3756 [Note] InnoDB: Compressed tables use zlib 1.2.3
2017-05-25 17:16:19 3756 [Note] InnoDB: Not using CPU crc32 instructions
2017-05-25 17:16:19 3756 [Note] InnoDB: Initializing buffer pool, size = 128.0M
2017-05-25 17:16:19 3756 [Note] InnoDB: Completed initialization of buffer pool
2017-05-25 17:16:19 3756 [Note] InnoDB: Highest supported file format is Barracuda.
2017-05-25 17:16:19 3756 [Note] InnoDB: The log sequence numbers 1626716 and 1626716 in ibdata files do not match the log sequence number 1627162 in the ib_logfiles!
2017-05-25 17:16:19 3756 [Note] InnoDB: Database was not shutdown normally!
2017-05-25 17:16:19 3756 [Note] InnoDB: Starting crash recovery.
2017-05-25 17:16:19 3756 [Note] InnoDB: Reading tablespace information from the .ibd files...
2017-05-25 17:16:19 3756 [Note] InnoDB: Restoring possible half-written data pages 
2017-05-25 17:16:19 3756 [Note] InnoDB: from the doublewrite buffer...
2017-05-25 17:16:20 3756 [Note] InnoDB: 128 rollback segment(s) are active.
2017-05-25 17:16:20 3756 [Note] InnoDB: Waiting for purge to start
2017-05-25 17:16:20 3756 [Note] InnoDB: 5.6.13 started; log sequence number 1627162
2017-05-25 17:16:20 3756 [Note] Server hostname (bind-address): '*'; port: 3307
2017-05-25 17:16:20 3756 [Note] IPv6 is available.
2017-05-25 17:16:20 3756 [Note]   - '::' resolves to '::';
2017-05-25 17:16:20 3756 [Note] Server socket created on IP: '::'.
