2017-08-18 12:38:38 7512 [Note] Plugin 'FEDERATED' is disabled.
2017-08-18 12:38:38 7512 [Note] InnoDB: The InnoDB memory heap is disabled
2017-08-18 12:38:38 7512 [Note] InnoDB: Mutexes and rw_locks use Windows interlocked functions
2017-08-18 12:38:38 7512 [Note] InnoDB: Compressed tables use zlib 1.2.3
2017-08-18 12:38:38 7512 [Note] InnoDB: Not using CPU crc32 instructions
2017-08-18 12:38:38 7512 [Note] InnoDB: Initializing buffer pool, size = 128.0M
2017-08-18 12:38:38 7512 [Note] InnoDB: Completed initialization of buffer pool
2017-08-18 12:38:38 7512 [Note] InnoDB: Highest supported file format is Barracuda.
2017-08-18 12:38:38 7512 [Note] InnoDB: The log sequence numbers 1626716 and 1626716 in ibdata files do not match the log sequence number 1627172 in the ib_logfiles!
2017-08-18 12:38:38 7512 [Note] InnoDB: Database was not shutdown normally!
2017-08-18 12:38:38 7512 [Note] InnoDB: Starting crash recovery.
2017-08-18 12:38:38 7512 [Note] InnoDB: Reading tablespace information from the .ibd files...
2017-08-18 12:38:38 7512 [Note] InnoDB: Restoring possible half-written data pages 
2017-08-18 12:38:38 7512 [Note] InnoDB: from the doublewrite buffer...
2017-08-18 12:38:40 7512 [Note] InnoDB: 128 rollback segment(s) are active.
2017-08-18 12:38:40 7512 [Note] InnoDB: Waiting for purge to start
2017-08-18 12:38:40 7512 [Note] InnoDB: 5.6.13 started; log sequence number 1627172
2017-08-18 12:38:40 7512 [Note] Server hostname (bind-address): '*'; port: 3307
2017-08-18 12:38:40 7512 [Note] IPv6 is available.
2017-08-18 12:38:40 7512 [Note]   - '::' resolves to '::';
2017-08-18 12:38:40 7512 [Note] Server socket created on IP: '::'.
2017-08-18 13:38:58 13276 [Note] Plugin 'FEDERATED' is disabled.
2017-08-18 13:38:58 13276 [Note] InnoDB: The InnoDB memory heap is disabled
2017-08-18 13:38:58 13276 [Note] InnoDB: Mutexes and rw_locks use Windows interlocked functions
2017-08-18 13:38:58 13276 [Note] InnoDB: Compressed tables use zlib 1.2.3
2017-08-18 13:38:58 13276 [Note] InnoDB: Not using CPU crc32 instructions
2017-08-18 13:38:58 13276 [Note] InnoDB: Initializing buffer pool, size = 128.0M
2017-08-18 13:38:58 13276 [Note] InnoDB: Completed initialization of buffer pool
2017-08-18 13:38:58 13276 [Note] InnoDB: Highest supported file format is Barracuda.
2017-08-18 13:38:58 13276 [Note] InnoDB: The log sequence numbers 1626716 and 1626716 in ibdata files do not match the log sequence number 1627182 in the ib_logfiles!
2017-08-18 13:38:58 13276 [Note] InnoDB: Database was not shutdown normally!
2017-08-18 13:38:58 13276 [Note] InnoDB: Starting crash recovery.
2017-08-18 13:38:58 13276 [Note] InnoDB: Reading tablespace information from the .ibd files...
2017-08-18 13:38:58 13276 [Note] InnoDB: Restoring possible half-written data pages 
2017-08-18 13:38:58 13276 [Note] InnoDB: from the doublewrite buffer...
2017-08-18 13:38:59 13276 [Note] InnoDB: 128 rollback segment(s) are active.
2017-08-18 13:38:59 13276 [Note] InnoDB: Waiting for purge to start
2017-08-18 13:38:59 13276 [Note] InnoDB: 5.6.13 started; log sequence number 1627182
2017-08-18 13:38:59 13276 [Note] Server hostname (bind-address): '*'; port: 3307
2017-08-18 13:38:59 13276 [Note] IPv6 is available.
2017-08-18 13:38:59 13276 [Note]   - '::' resolves to '::';
2017-08-18 13:38:59 13276 [Note] Server socket created on IP: '::'.
